#
# There is insufficient memory for the Java Runtime Environment to continue.
# Native memory allocation (malloc) failed to allocate 1768976 bytes for Chunk::new
# Possible reasons:
#   The system is out of physical RAM or swap space
#   The process is running with CompressedOops enabled, and the Java Heap may be blocking the growth of the native heap
# Possible solutions:
#   Reduce memory load on the system
#   Increase physical memory or swap space
#   Check if swap backing store is full
#   Decrease Java heap size (-Xmx/-Xms)
#   Decrease number of Java threads
#   Decrease Java thread stack sizes (-Xss)
#   Set larger code cache with -XX:ReservedCodeCacheSize=
#   JVM is running with Unscaled Compressed Oops mode in which the Java heap is
#     placed in the first 4GB address space. The Java Heap base address is the
#     maximum limit for the native heap growth. Please use -XX:HeapBaseMinAddress
#     to set the Java Heap base and to place the Java Heap above 4GB virtual address.
# This output file may be truncated or incomplete.
#
#  Out of Memory Error (./src/hotspot/share/memory/arena.cpp:197), pid=6816, tid=7240
#
# JRE version: OpenJDK Runtime Environment (11.0.12+7) (build 11.0.12+7-b1504.28-7817840)
# Java VM: OpenJDK 64-Bit Server VM (11.0.12+7-b1504.28-7817840, mixed mode, tiered, compressed oops, g1 gc, windows-amd64)
# No core dump will be written. Minidumps are not enabled by default on client versions of Windows
#

---------------  S U M M A R Y ------------

Command Line: --add-opens=java.base/java.util=ALL-UNNAMED --add-opens=java.base/java.lang=ALL-UNNAMED --add-opens=java.base/java.lang.invoke=ALL-UNNAMED --add-opens=java.base/java.util=ALL-UNNAMED --add-opens=java.prefs/java.util.prefs=ALL-UNNAMED --add-opens=java.prefs/java.util.prefs=ALL-UNNAMED --add-opens=java.base/java.nio.charset=ALL-UNNAMED --add-opens=java.base/java.net=ALL-UNNAMED --add-opens=java.base/java.util.concurrent.atomic=ALL-UNNAMED -Xmx2048m -Dfile.encoding=UTF-8 -Duser.country=US -Duser.language=en -Duser.variant org.gradle.launcher.daemon.bootstrap.GradleDaemon 7.3.3

Host: Intel(R) Core(TM) i5-10210U CPU @ 1.60GHz, 8 cores, 7G,  Windows 10 , 64 bit Build 22000 (10.0.22000.1219)
Time: Mon Nov 28 03:48:12 2022 SE Asia Standard Time elapsed time: 19.008843 seconds (0d 0h 0m 19s)

---------------  T H R E A D  ---------------

Current thread (0x000002590a3df800):  JavaThread "C2 CompilerThread1" daemon [_thread_in_native, id=7240, stack(0x0000007219d00000,0x0000007219e00000)]


Current CompileTask:
C2:  19008 13909 %     4       com.android.tools.r8.ir.regalloc.b::a @ 78 (957 bytes)

Stack: [0x0000007219d00000,0x0000007219e00000]
Native frames: (J=compiled Java code, j=interpreted, Vv=VM code, C=native code)
V  [jvm.dll+0x5fbcea]
V  [jvm.dll+0x731905]
V  [jvm.dll+0x732f1d]
V  [jvm.dll+0x7335d3]
V  [jvm.dll+0x247bf8]
V  [jvm.dll+0xc018c]
V  [jvm.dll+0xc06cc]
V  [jvm.dll+0x35b31d]
V  [jvm.dll+0x19cebc]
V  [jvm.dll+0x20070e]
V  [jvm.dll+0x1ff794]
V  [jvm.dll+0x18868c]
V  [jvm.dll+0x20e0d7]
V  [jvm.dll+0x20c901]
V  [jvm.dll+0x6f9b7f]
V  [jvm.dll+0x6f26a5]
V  [jvm.dll+0x5fabf6]
C  [ucrtbase.dll+0x26c0c]
C  [KERNEL32.DLL+0x15550]
C  [ntdll.dll+0x485b]


---------------  P R O C E S S  ---------------

Threads class SMR info:
_java_thread_list=0x0000025910ccc740, length=134, elements={
0x000002596ce3f000, 0x0000025907329000, 0x0000025907334800, 0x0000025907ca9000,
0x0000025907caa800, 0x0000025907cab800, 0x0000025907caf800, 0x0000025907cb0800,
0x0000025907340000, 0x0000025907e12800, 0x000002590b0ef000, 0x00000259086a6800,
0x0000025909651000, 0x0000025908be0800, 0x000002590ad65800, 0x0000025909283800,
0x0000025909788800, 0x0000025908cd1800, 0x000002590a37d800, 0x000002590b112000,
0x000002590b114000, 0x000002590b114800, 0x000002590b113000, 0x000002590a3df800,
0x000002590b115800, 0x000002590b10f800, 0x000002590b116000, 0x000002590bb1c000,
0x000002590b110800, 0x000002590b111800, 0x000002590b6b4800, 0x000002590b6b3800,
0x000002590b6b7000, 0x000002590b6b1800, 0x000002590b6b2000, 0x000002590b6b8800,
0x000002590b6be800, 0x000002590b6bc800, 0x000002590b6bf000, 0x000002590b6bc000,
0x000002590b6b9800, 0x000002590b6c0000, 0x000002590b6ba800, 0x000002590b6bd800,
0x000002590b6bb000, 0x000002590d044000, 0x000002590d040800, 0x000002590d042800,
0x000002590d041800, 0x000002590d043000, 0x000002590d03f000, 0x000002590d03e800,
0x000002590d045000, 0x000002590d045800, 0x000002590d040000, 0x000002590d047800,
0x000002590d049800, 0x000002590d049000, 0x000002590d04a800, 0x000002590d04b800,
0x000002590d048000, 0x000002590d04c000, 0x000002590d046800, 0x000002590d04d000,
0x0000025908843800, 0x0000025908849000, 0x0000025908846000, 0x0000025908848000,
0x0000025908846800, 0x0000025908847800, 0x000002590884a000, 0x0000025908845000,
0x0000025908844000, 0x000002590884e800, 0x0000025908850800, 0x000002590884d000,
0x000002590884c800, 0x000002590884e000, 0x000002590884f800, 0x000002590884a800,
0x0000025908851000, 0x000002590884b800, 0x0000025908852000, 0x0000025907e3f000,
0x0000025907e40000, 0x0000025907e41800, 0x0000025907e41000, 0x0000025907e42800,
0x0000025907e43800, 0x0000025907e3d800, 0x0000025907e3e800, 0x0000025907e46000,
0x0000025907e49000, 0x0000025907e4a000, 0x0000025907e48000, 0x0000025907e44000,
0x0000025907e4a800, 0x0000025907e45000, 0x0000025907e4b800, 0x0000025907e4c800,
0x0000025907e46800, 0x0000025907e47800, 0x000002590a6f2800, 0x000002590a6f1000,
0x000002590a6f4000, 0x000002590a6f1800, 0x000002590a6f8000, 0x000002590a6f5000,
0x000002590a6f9000, 0x000002590a6f7800, 0x000002590a6f5800, 0x000002590a6f6800,
0x000002590a6f3000, 0x000002590a6fe000, 0x000002590a6fc000, 0x000002590a6f9800,
0x000002590a6fe800, 0x000002590a6ff800, 0x000002590a6fa800, 0x000002590a6fb800,
0x000002590a6fd000, 0x000002590a664800, 0x000002590a663000, 0x000002590a667000,
0x000002590a664000, 0x000002590a668000, 0x000002590a666800, 0x000002590a662800,
0x000002590a66b800, 0x000002590a669000, 0x000002590a66a800, 0x000002590a669800,
0x000002590a671000, 0x000002590a66f800
}

Java Threads: ( => current thread )
  0x000002596ce3f000 JavaThread "main" [_thread_blocked, id=14344, stack(0x0000007217700000,0x0000007217800000)]
  0x0000025907329000 JavaThread "Reference Handler" daemon [_thread_blocked, id=2448, stack(0x0000007217e00000,0x0000007217f00000)]
  0x0000025907334800 JavaThread "Finalizer" daemon [_thread_blocked, id=5376, stack(0x0000007217f00000,0x0000007218000000)]
  0x0000025907ca9000 JavaThread "Signal Dispatcher" daemon [_thread_blocked, id=14500, stack(0x0000007218000000,0x0000007218100000)]
  0x0000025907caa800 JavaThread "Attach Listener" daemon [_thread_blocked, id=9460, stack(0x0000007218100000,0x0000007218200000)]
  0x0000025907cab800 JavaThread "Service Thread" daemon [_thread_blocked, id=4240, stack(0x0000007218200000,0x0000007218300000)]
  0x0000025907caf800 JavaThread "C2 CompilerThread0" daemon [_thread_in_native, id=13868, stack(0x0000007218300000,0x0000007218400000)]
  0x0000025907cb0800 JavaThread "C1 CompilerThread0" daemon [_thread_blocked, id=504, stack(0x0000007218400000,0x0000007218500000)]
  0x0000025907340000 JavaThread "Sweeper thread" daemon [_thread_blocked, id=8044, stack(0x0000007218500000,0x0000007218600000)]
  0x0000025907e12800 JavaThread "Common-Cleaner" daemon [_thread_blocked, id=11604, stack(0x0000007218600000,0x0000007218700000)]
  0x000002590b0ef000 JavaThread "Daemon health stats" [_thread_blocked, id=9228, stack(0x0000007218c00000,0x0000007218d00000)]
  0x00000259086a6800 JavaThread "Incoming local TCP Connector on port 56715" [_thread_in_native, id=15036, stack(0x0000007218800000,0x0000007218900000)]
  0x0000025909651000 JavaThread "Daemon periodic checks" [_thread_blocked, id=14736, stack(0x0000007218900000,0x0000007218a00000)]
  0x0000025908be0800 JavaThread "Daemon" [_thread_blocked, id=2284, stack(0x0000007218d00000,0x0000007218e00000)]
  0x000002590ad65800 JavaThread "Handler for socket connection from /127.0.0.1:56715 to /127.0.0.1:56716" [_thread_in_native, id=8916, stack(0x0000007218e00000,0x0000007218f00000)]
  0x0000025909283800 JavaThread "Cancel handler" [_thread_blocked, id=8360, stack(0x0000007218f00000,0x0000007219000000)]
  0x0000025909788800 JavaThread "Daemon worker" [_thread_blocked, id=14932, stack(0x0000007219000000,0x0000007219100000)]
  0x0000025908cd1800 JavaThread "Asynchronous log dispatcher for DefaultDaemonConnection: socket connection from /127.0.0.1:56715 to /127.0.0.1:56716" [_thread_blocked, id=1168, stack(0x0000007219100000,0x0000007219200000)]
  0x000002590a37d800 JavaThread "Stdin handler" [_thread_blocked, id=7212, stack(0x0000007219200000,0x0000007219300000)]
  0x000002590b112000 JavaThread "Daemon client event forwarder" [_thread_blocked, id=3584, stack(0x0000007219300000,0x0000007219400000)]
  0x000002590b114000 JavaThread "Cache worker for journal cache (C:\Users\Tam\.gradle\caches\journal-1)" [_thread_blocked, id=7420, stack(0x0000007219900000,0x0000007219a00000)]
  0x000002590b114800 JavaThread "File lock request listener" [_thread_in_native, id=7484, stack(0x0000007219a00000,0x0000007219b00000)]
  0x000002590b113000 JavaThread "Cache worker for file hash cache (C:\Users\Tam\.gradle\caches\7.3.3\fileHashes)" [_thread_blocked, id=6352, stack(0x0000007219b00000,0x0000007219c00000)]
=>0x000002590a3df800 JavaThread "C2 CompilerThread1" daemon [_thread_in_native, id=7240, stack(0x0000007219d00000,0x0000007219e00000)]
  0x000002590b115800 JavaThread "Cache worker for file hash cache (C:\Users\Tam\Documents\221_LTDD\Tonghop\Tonghop\.gradle\7.3.3\fileHashes)" [_thread_blocked, id=12464, stack(0x0000007219e00000,0x0000007219f00000)]
  0x000002590b10f800 JavaThread "File watcher server" daemon [_thread_in_native, id=6924, stack(0x0000007219f00000,0x000000721a000000)]
  0x000002590b116000 JavaThread "File watcher consumer" daemon [_thread_blocked, id=1172, stack(0x000000721a000000,0x000000721a100000)]
  0x000002590bb1c000 JavaThread "C2 CompilerThread2" daemon [_thread_in_native, id=5648, stack(0x000000721a100000,0x000000721a200000)]
  0x000002590b110800 JavaThread "Cache worker for checksums cache (C:\Users\Tam\Documents\221_LTDD\Tonghop\Tonghop\.gradle\7.3.3\checksums)" [_thread_blocked, id=10096, stack(0x000000721a200000,0x000000721a300000)]
  0x000002590b111800 JavaThread "Cache worker for cache directory md-supplier (C:\Users\Tam\.gradle\caches\7.3.3\md-supplier)" [_thread_blocked, id=13748, stack(0x000000721a300000,0x000000721a400000)]
  0x000002590b6b4800 JavaThread "Cache worker for cache directory md-rule (C:\Users\Tam\.gradle\caches\7.3.3\md-rule)" [_thread_blocked, id=13172, stack(0x000000721a400000,0x000000721a500000)]
  0x000002590b6b3800 JavaThread "Cache worker for execution history cache (C:\Users\Tam\.gradle\caches\7.3.3\executionHistory)" [_thread_blocked, id=11456, stack(0x000000721a500000,0x000000721a600000)]
  0x000002590b6b7000 JavaThread "jar transforms" [_thread_blocked, id=1604, stack(0x000000721a600000,0x000000721a700000)]
  0x000002590b6b1800 JavaThread "Cache worker for file content cache (C:\Users\Tam\.gradle\caches\7.3.3\fileContent)" [_thread_blocked, id=7012, stack(0x000000721a700000,0x000000721a800000)]
  0x000002590b6b2000 JavaThread "jar transforms Thread 2" [_thread_blocked, id=7180, stack(0x000000721a800000,0x000000721a900000)]
  0x000002590b6b8800 JavaThread "Cache worker for dependencies-accessors (C:\Users\Tam\Documents\221_LTDD\Tonghop\Tonghop\.gradle\7.3.3\dependencies-accessors)" [_thread_blocked, id=7756, stack(0x000000721a900000,0x000000721aa00000)]
  0x000002590b6be800 JavaThread "jar transforms Thread 3" [_thread_blocked, id=11308, stack(0x000000721aa00000,0x000000721ab00000)]
  0x000002590b6bc800 JavaThread "Cache worker for Build Output Cleanup Cache (C:\Users\Tam\Documents\221_LTDD\Tonghop\Tonghop\.gradle\buildOutputCleanup)" [_thread_blocked, id=15040, stack(0x000000721ab00000,0x000000721ac00000)]
  0x000002590b6bf000 JavaThread "Unconstrained build operations" [_thread_blocked, id=3000, stack(0x000000721ac00000,0x000000721ad00000)]
  0x000002590b6bc000 JavaThread "Unconstrained build operations Thread 2" [_thread_blocked, id=14836, stack(0x000000721ad00000,0x000000721ae00000)]
  0x000002590b6b9800 JavaThread "Unconstrained build operations Thread 3" [_thread_blocked, id=13432, stack(0x000000721ae00000,0x000000721af00000)]
  0x000002590b6c0000 JavaThread "Unconstrained build operations Thread 4" [_thread_blocked, id=5244, stack(0x000000721af00000,0x000000721b000000)]
  0x000002590b6ba800 JavaThread "Unconstrained build operations Thread 5" [_thread_blocked, id=9980, stack(0x000000721b000000,0x000000721b100000)]
  0x000002590b6bd800 JavaThread "Unconstrained build operations Thread 6" [_thread_blocked, id=13012, stack(0x000000721b100000,0x000000721b200000)]
  0x000002590b6bb000 JavaThread "Unconstrained build operations Thread 7" [_thread_blocked, id=3496, stack(0x000000721b200000,0x000000721b300000)]
  0x000002590d044000 JavaThread "Unconstrained build operations Thread 8" [_thread_blocked, id=2712, stack(0x000000721b300000,0x000000721b400000)]
  0x000002590d040800 JavaThread "Unconstrained build operations Thread 9" [_thread_blocked, id=3948, stack(0x000000721b400000,0x000000721b500000)]
  0x000002590d042800 JavaThread "Unconstrained build operations Thread 10" [_thread_blocked, id=704, stack(0x000000721b500000,0x000000721b600000)]
  0x000002590d041800 JavaThread "Unconstrained build operations Thread 11" [_thread_blocked, id=7480, stack(0x000000721b600000,0x000000721b700000)]
  0x000002590d043000 JavaThread "Unconstrained build operations Thread 12" [_thread_blocked, id=15208, stack(0x000000721b700000,0x000000721b800000)]
  0x000002590d03f000 JavaThread "Unconstrained build operations Thread 13" [_thread_blocked, id=12320, stack(0x000000721b800000,0x000000721b900000)]
  0x000002590d03e800 JavaThread "Unconstrained build operations Thread 14" [_thread_blocked, id=12336, stack(0x000000721b900000,0x000000721ba00000)]
  0x000002590d045000 JavaThread "Unconstrained build operations Thread 15" [_thread_blocked, id=3440, stack(0x000000721ba00000,0x000000721bb00000)]
  0x000002590d045800 JavaThread "Unconstrained build operations Thread 16" [_thread_blocked, id=6848, stack(0x000000721bb00000,0x000000721bc00000)]
  0x000002590d040000 JavaThread "Unconstrained build operations Thread 17" [_thread_blocked, id=11388, stack(0x000000721bc00000,0x000000721bd00000)]
  0x000002590d047800 JavaThread "Unconstrained build operations Thread 18" [_thread_blocked, id=14548, stack(0x000000721bd00000,0x000000721be00000)]
  0x000002590d049800 JavaThread "Unconstrained build operations Thread 19" [_thread_blocked, id=5152, stack(0x000000721be00000,0x000000721bf00000)]
  0x000002590d049000 JavaThread "Unconstrained build operations Thread 20" [_thread_blocked, id=8808, stack(0x000000721bf00000,0x000000721c000000)]
  0x000002590d04a800 JavaThread "Unconstrained build operations Thread 21" [_thread_blocked, id=7460, stack(0x000000721c000000,0x000000721c100000)]
  0x000002590d04b800 JavaThread "Unconstrained build operations Thread 22" [_thread_blocked, id=9476, stack(0x000000721c100000,0x000000721c200000)]
  0x000002590d048000 JavaThread "Unconstrained build operations Thread 23" [_thread_blocked, id=604, stack(0x000000721c200000,0x000000721c300000)]
  0x000002590d04c000 JavaThread "Unconstrained build operations Thread 24" [_thread_in_Java, id=8760, stack(0x000000721c300000,0x000000721c400000)]
  0x000002590d046800 JavaThread "Unconstrained build operations Thread 25" [_thread_blocked, id=13796, stack(0x000000721c400000,0x000000721c500000)]
  0x000002590d04d000 JavaThread "Unconstrained build operations Thread 26" [_thread_blocked, id=13320, stack(0x000000721c500000,0x000000721c600000)]
  0x0000025908843800 JavaThread "Unconstrained build operations Thread 27" [_thread_blocked, id=4060, stack(0x000000721c600000,0x000000721c700000)]
  0x0000025908849000 JavaThread "Unconstrained build operations Thread 28" [_thread_blocked, id=7616, stack(0x000000721c700000,0x000000721c800000)]
  0x0000025908846000 JavaThread "Unconstrained build operations Thread 29" [_thread_blocked, id=5944, stack(0x000000721c800000,0x000000721c900000)]
  0x0000025908848000 JavaThread "Unconstrained build operations Thread 30" [_thread_blocked, id=7556, stack(0x000000721c900000,0x000000721ca00000)]
  0x0000025908846800 JavaThread "Unconstrained build operations Thread 31" [_thread_blocked, id=3300, stack(0x000000721ca00000,0x000000721cb00000)]
  0x0000025908847800 JavaThread "Unconstrained build operations Thread 32" [_thread_blocked, id=2308, stack(0x000000721cb00000,0x000000721cc00000)]
  0x000002590884a000 JavaThread "Unconstrained build operations Thread 33" [_thread_blocked, id=11444, stack(0x000000721cc00000,0x000000721cd00000)]
  0x0000025908845000 JavaThread "Unconstrained build operations Thread 34" [_thread_blocked, id=13944, stack(0x000000721cd00000,0x000000721ce00000)]
  0x0000025908844000 JavaThread "Unconstrained build operations Thread 35" [_thread_blocked, id=11108, stack(0x000000721ce00000,0x000000721cf00000)]
  0x000002590884e800 JavaThread "Unconstrained build operations Thread 36" [_thread_blocked, id=15352, stack(0x000000721cf00000,0x000000721d000000)]
  0x0000025908850800 JavaThread "Unconstrained build operations Thread 37" [_thread_blocked, id=6408, stack(0x000000721d000000,0x000000721d100000)]
  0x000002590884d000 JavaThread "Unconstrained build operations Thread 38" [_thread_blocked, id=8476, stack(0x000000721d100000,0x000000721d200000)]
  0x000002590884c800 JavaThread "Unconstrained build operations Thread 39" [_thread_blocked, id=6660, stack(0x000000721d200000,0x000000721d300000)]
  0x000002590884e000 JavaThread "Unconstrained build operations Thread 40" [_thread_blocked, id=7544, stack(0x000000721d300000,0x000000721d400000)]
  0x000002590884f800 JavaThread "Unconstrained build operations Thread 41" [_thread_blocked, id=3636, stack(0x000000721d400000,0x000000721d500000)]
  0x000002590884a800 JavaThread "Unconstrained build operations Thread 42" [_thread_blocked, id=2240, stack(0x000000721d500000,0x000000721d600000)]
  0x0000025908851000 JavaThread "Unconstrained build operations Thread 43" [_thread_blocked, id=496, stack(0x000000721d600000,0x000000721d700000)]
  0x000002590884b800 JavaThread "Unconstrained build operations Thread 44" [_thread_blocked, id=9520, stack(0x000000721d700000,0x000000721d800000)]
  0x0000025908852000 JavaThread "Unconstrained build operations Thread 45" [_thread_blocked, id=11036, stack(0x000000721d800000,0x000000721d900000)]
  0x0000025907e3f000 JavaThread "Unconstrained build operations Thread 46" [_thread_blocked, id=2360, stack(0x000000721d900000,0x000000721da00000)]
  0x0000025907e40000 JavaThread "Unconstrained build operations Thread 47" [_thread_blocked, id=12424, stack(0x000000721da00000,0x000000721db00000)]
  0x0000025907e41800 JavaThread "Unconstrained build operations Thread 48" [_thread_blocked, id=4752, stack(0x000000721db00000,0x000000721dc00000)]
  0x0000025907e41000 JavaThread "Unconstrained build operations Thread 49" [_thread_blocked, id=8304, stack(0x000000721dc00000,0x000000721dd00000)]
  0x0000025907e42800 JavaThread "Unconstrained build operations Thread 50" [_thread_blocked, id=6736, stack(0x000000721dd00000,0x000000721de00000)]
  0x0000025907e43800 JavaThread "Unconstrained build operations Thread 51" [_thread_blocked, id=9688, stack(0x000000721de00000,0x000000721df00000)]
  0x0000025907e3d800 JavaThread "Unconstrained build operations Thread 52" [_thread_blocked, id=8640, stack(0x000000721df00000,0x000000721e000000)]
  0x0000025907e3e800 JavaThread "Unconstrained build operations Thread 53" [_thread_blocked, id=11664, stack(0x000000721e000000,0x000000721e100000)]
  0x0000025907e46000 JavaThread "Unconstrained build operations Thread 54" [_thread_blocked, id=5420, stack(0x000000721e100000,0x000000721e200000)]
  0x0000025907e49000 JavaThread "Unconstrained build operations Thread 55" [_thread_blocked, id=6260, stack(0x000000721e200000,0x000000721e300000)]
  0x0000025907e4a000 JavaThread "Unconstrained build operations Thread 56" [_thread_blocked, id=8716, stack(0x000000721e300000,0x000000721e400000)]
  0x0000025907e48000 JavaThread "Unconstrained build operations Thread 57" [_thread_blocked, id=13228, stack(0x000000721e400000,0x000000721e500000)]
  0x0000025907e44000 JavaThread "Unconstrained build operations Thread 58" [_thread_blocked, id=2352, stack(0x000000721e500000,0x000000721e600000)]
  0x0000025907e4a800 JavaThread "Unconstrained build operations Thread 59" [_thread_blocked, id=13368, stack(0x000000721e600000,0x000000721e700000)]
  0x0000025907e45000 JavaThread "Unconstrained build operations Thread 60" [_thread_blocked, id=2584, stack(0x000000721e700000,0x000000721e800000)]
  0x0000025907e4b800 JavaThread "Unconstrained build operations Thread 61" [_thread_blocked, id=3632, stack(0x000000721e800000,0x000000721e900000)]
  0x0000025907e4c800 JavaThread "Unconstrained build operations Thread 62" [_thread_blocked, id=5792, stack(0x000000721e900000,0x000000721ea00000)]
  0x0000025907e46800 JavaThread "Unconstrained build operations Thread 63" [_thread_blocked, id=14036, stack(0x000000721ea00000,0x000000721eb00000)]
  0x0000025907e47800 JavaThread "Unconstrained build operations Thread 64" [_thread_blocked, id=7444, stack(0x000000721eb00000,0x000000721ec00000)]
  0x000002590a6f2800 JavaThread "Unconstrained build operations Thread 65" [_thread_blocked, id=11124, stack(0x000000721ec00000,0x000000721ed00000)]
  0x000002590a6f1000 JavaThread "Unconstrained build operations Thread 66" [_thread_blocked, id=9940, stack(0x000000721ed00000,0x000000721ee00000)]
  0x000002590a6f4000 JavaThread "Unconstrained build operations Thread 67" [_thread_blocked, id=5688, stack(0x000000721ee00000,0x000000721ef00000)]
  0x000002590a6f1800 JavaThread "Unconstrained build operations Thread 68" [_thread_blocked, id=15192, stack(0x000000721ef00000,0x000000721f000000)]
  0x000002590a6f8000 JavaThread "Unconstrained build operations Thread 69" [_thread_blocked, id=2088, stack(0x000000721f000000,0x000000721f100000)]
  0x000002590a6f5000 JavaThread "Unconstrained build operations Thread 70" [_thread_blocked, id=11460, stack(0x000000721f100000,0x000000721f200000)]
  0x000002590a6f9000 JavaThread "Unconstrained build operations Thread 71" [_thread_blocked, id=7368, stack(0x000000721f200000,0x000000721f300000)]
  0x000002590a6f7800 JavaThread "Unconstrained build operations Thread 72" [_thread_blocked, id=1348, stack(0x000000721f300000,0x000000721f400000)]
  0x000002590a6f5800 JavaThread "Unconstrained build operations Thread 73" [_thread_blocked, id=6652, stack(0x000000721f400000,0x000000721f500000)]
  0x000002590a6f6800 JavaThread "Unconstrained build operations Thread 74" [_thread_blocked, id=8216, stack(0x000000721f500000,0x000000721f600000)]
  0x000002590a6f3000 JavaThread "Unconstrained build operations Thread 75" [_thread_blocked, id=6160, stack(0x000000721f600000,0x000000721f700000)]
  0x000002590a6fe000 JavaThread "Unconstrained build operations Thread 76" [_thread_blocked, id=2324, stack(0x000000721f700000,0x000000721f800000)]
  0x000002590a6fc000 JavaThread "Unconstrained build operations Thread 77" [_thread_blocked, id=13284, stack(0x000000721f800000,0x000000721f900000)]
  0x000002590a6f9800 JavaThread "Unconstrained build operations Thread 78" [_thread_blocked, id=15032, stack(0x000000721f900000,0x000000721fa00000)]
  0x000002590a6fe800 JavaThread "Unconstrained build operations Thread 79" [_thread_blocked, id=1484, stack(0x000000721fa00000,0x000000721fb00000)]
  0x000002590a6ff800 JavaThread "Unconstrained build operations Thread 80" [_thread_blocked, id=3204, stack(0x000000721fb00000,0x000000721fc00000)]
  0x000002590a6fa800 JavaThread "jar transforms Thread 4" [_thread_blocked, id=10276, stack(0x000000721fc00000,0x000000721fd00000)]
  0x000002590a6fb800 JavaThread "jar transforms Thread 5" [_thread_blocked, id=7668, stack(0x000000721fd00000,0x000000721fe00000)]
  0x000002590a6fd000 JavaThread "jar transforms Thread 6" [_thread_blocked, id=13068, stack(0x000000721fe00000,0x000000721ff00000)]
  0x000002590a664800 JavaThread "jar transforms Thread 7" [_thread_blocked, id=12768, stack(0x000000721ff00000,0x0000007220000000)]
  0x000002590a663000 JavaThread "jar transforms Thread 8" [_thread_blocked, id=2180, stack(0x0000007220000000,0x0000007220100000)]
  0x000002590a667000 JavaThread "Memory manager" [_thread_blocked, id=12284, stack(0x0000007220100000,0x0000007220200000)]
  0x000002590a664000 JavaThread "build event listener" [_thread_blocked, id=7836, stack(0x0000007220200000,0x0000007220300000)]
  0x000002590a668000 JavaThread "Execution worker for ':'" [_thread_blocked, id=14572, stack(0x0000007220300000,0x0000007220400000)]
  0x000002590a666800 JavaThread "Execution worker for ':' Thread 2" [_thread_blocked, id=12832, stack(0x0000007220400000,0x0000007220500000)]
  0x000002590a662800 JavaThread "Execution worker for ':' Thread 3" [_thread_blocked, id=12772, stack(0x0000007220500000,0x0000007220600000)]
  0x000002590a66b800 JavaThread "Execution worker for ':' Thread 4" [_thread_blocked, id=12364, stack(0x0000007220600000,0x0000007220700000)]
  0x000002590a669000 JavaThread "Execution worker for ':' Thread 5" [_thread_blocked, id=3680, stack(0x0000007220700000,0x0000007220800000)]
  0x000002590a66a800 JavaThread "Execution worker for ':' Thread 6" [_thread_blocked, id=15248, stack(0x0000007220800000,0x0000007220900000)]
  0x000002590a669800 JavaThread "Execution worker for ':' Thread 7" [_thread_blocked, id=7604, stack(0x0000007220900000,0x0000007220a00000)]
  0x000002590a671000 JavaThread "Cache worker for execution history cache (C:\Users\Tam\Documents\221_LTDD\Tonghop\Tonghop\.gradle\7.3.3\executionHistory)" [_thread_blocked, id=13588, stack(0x0000007220a00000,0x0000007220b00000)]
  0x000002590a66f800 JavaThread "WorkerExecutor Queue" [_thread_blocked, id=13048, stack(0x0000007220b00000,0x0000007220c00000)]

Other Threads:
  0x0000025907326800 VMThread "VM Thread" [stack: 0x0000007217d00000,0x0000007217e00000] [id=13760]
  0x0000025907e1d800 WatcherThread [stack: 0x0000007218700000,0x0000007218800000] [id=13132]
  0x000002596ce58800 GCTaskThread "GC Thread#0" [stack: 0x0000007217800000,0x0000007217900000] [id=8520]
  0x0000025908d8a800 GCTaskThread "GC Thread#1" [stack: 0x0000007218a00000,0x0000007218b00000] [id=10836]
  0x0000025908dd8800 GCTaskThread "GC Thread#2" [stack: 0x0000007218b00000,0x0000007218c00000] [id=1760]
  0x0000025908dd5000 GCTaskThread "GC Thread#3" [stack: 0x0000007219400000,0x0000007219500000] [id=1816]
  0x0000025908dda000 GCTaskThread "GC Thread#4" [stack: 0x0000007219500000,0x0000007219600000] [id=1664]
  0x0000025908dd5800 GCTaskThread "GC Thread#5" [stack: 0x0000007219600000,0x0000007219700000] [id=9184]
  0x0000025908dd6800 GCTaskThread "GC Thread#6" [stack: 0x0000007219700000,0x0000007219800000] [id=5008]
  0x0000025908dd7000 GCTaskThread "GC Thread#7" [stack: 0x0000007219800000,0x0000007219900000] [id=2120]
  0x000002596ce8b000 ConcurrentGCThread "G1 Main Marker" [stack: 0x0000007217900000,0x0000007217a00000] [id=9676]
  0x000002596ce8c000 ConcurrentGCThread "G1 Conc#0" [stack: 0x0000007217a00000,0x0000007217b00000] [id=7504]
  0x0000025908dda800 ConcurrentGCThread "G1 Conc#1" [stack: 0x0000007219c00000,0x0000007219d00000] [id=11732]
  0x000002596cf1d800 ConcurrentGCThread "G1 Refine#0" [stack: 0x0000007217b00000,0x0000007217c00000] [id=14388]
  0x0000025907176800 ConcurrentGCThread "G1 Young RemSet Sampling" [stack: 0x0000007217c00000,0x0000007217d00000] [id=12108]

Threads with active compile tasks:
C2 CompilerThread0  19032 13752 %     4       com.android.tools.r8.ir.regalloc.b::c @ 2100 (3963 bytes)
C2 CompilerThread1  19032 13909 %     4       com.android.tools.r8.ir.regalloc.b::a @ 78 (957 bytes)
C2 CompilerThread2  19032 13850 %     4       com.android.tools.r8.ir.regalloc.b::a @ 1270 (1832 bytes)

VM state:not at safepoint (normal execution)

VM Mutex/Monitor currently owned by a thread: None

Heap address: 0x0000000080000000, size: 2048 MB, Compressed Oops mode: 32-bit
Narrow klass base: 0x0000000000000000, Narrow klass shift: 3
Compressed class space size: 1073741824 Address: 0x0000000100000000

Heap:
 garbage-first heap   total 270336K, used 127377K [0x0000000080000000, 0x0000000100000000)
  region size 1024K, 16 young (16384K), 9 survivors (9216K)
 Metaspace       used 100011K, capacity 102649K, committed 102792K, reserved 1138688K
  class space    used 12987K, capacity 14008K, committed 14032K, reserved 1048576K
Heap Regions: E=young(eden), S=young(survivor), O=old, HS=humongous(starts), HC=humongous(continues), CS=collection set, F=free, A=archive, TAMS=top-at-mark-start (previous, next)
|   0|0x0000000080000000, 0x0000000080100000, 0x0000000080100000|100%| O|  |TAMS 0x0000000080100000, 0x0000000080000000| Untracked 
|   1|0x0000000080100000, 0x0000000080200000, 0x0000000080200000|100%| O|  |TAMS 0x0000000080200000, 0x0000000080100000| Untracked 
|   2|0x0000000080200000, 0x0000000080300000, 0x0000000080300000|100%| O|  |TAMS 0x0000000080300000, 0x0000000080200000| Untracked 
|   3|0x0000000080300000, 0x0000000080400000, 0x0000000080400000|100%|HS|  |TAMS 0x0000000080400000, 0x0000000080300000| Complete 
|   4|0x0000000080400000, 0x0000000080500000, 0x0000000080500000|100%|HC|  |TAMS 0x0000000080500000, 0x0000000080400000| Complete 
|   5|0x0000000080500000, 0x0000000080600000, 0x0000000080600000|100%|HC|  |TAMS 0x0000000080600000, 0x0000000080500000| Complete 
|   6|0x0000000080600000, 0x0000000080700000, 0x0000000080700000|100%| O|  |TAMS 0x0000000080700000, 0x0000000080600000| Untracked 
|   7|0x0000000080700000, 0x0000000080800000, 0x0000000080800000|100%| O|  |TAMS 0x0000000080800000, 0x0000000080700000| Untracked 
|   8|0x0000000080800000, 0x0000000080900000, 0x0000000080900000|100%| O|  |TAMS 0x0000000080900000, 0x0000000080800000| Untracked 
|   9|0x0000000080900000, 0x0000000080a00000, 0x0000000080a00000|100%| O|  |TAMS 0x0000000080a00000, 0x0000000080900000| Untracked 
|  10|0x0000000080a00000, 0x0000000080b00000, 0x0000000080b00000|100%| O|  |TAMS 0x0000000080b00000, 0x0000000080a00000| Untracked 
|  11|0x0000000080b00000, 0x0000000080c00000, 0x0000000080c00000|100%| O|  |TAMS 0x0000000080c00000, 0x0000000080b00000| Untracked 
|  12|0x0000000080c00000, 0x0000000080d00000, 0x0000000080d00000|100%| O|  |TAMS 0x0000000080d00000, 0x0000000080c00000| Untracked 
|  13|0x0000000080d00000, 0x0000000080e00000, 0x0000000080e00000|100%| O|  |TAMS 0x0000000080e00000, 0x0000000080d00000| Untracked 
|  14|0x0000000080e00000, 0x0000000080f00000, 0x0000000080f00000|100%| O|  |TAMS 0x0000000080f00000, 0x0000000080e00000| Untracked 
|  15|0x0000000080f00000, 0x0000000081000000, 0x0000000081000000|100%| O|  |TAMS 0x0000000081000000, 0x0000000080f00000| Untracked 
|  16|0x0000000081000000, 0x0000000081100000, 0x0000000081100000|100%| O|  |TAMS 0x0000000081100000, 0x0000000081000000| Untracked 
|  17|0x0000000081100000, 0x0000000081200000, 0x0000000081200000|100%| O|  |TAMS 0x0000000081200000, 0x0000000081100000| Untracked 
|  18|0x0000000081200000, 0x0000000081300000, 0x0000000081300000|100%| O|  |TAMS 0x0000000081300000, 0x0000000081200000| Untracked 
|  19|0x0000000081300000, 0x0000000081400000, 0x0000000081400000|100%| O|  |TAMS 0x0000000081400000, 0x0000000081300000| Untracked 
|  20|0x0000000081400000, 0x0000000081500000, 0x0000000081500000|100%| O|  |TAMS 0x0000000081500000, 0x0000000081400000| Untracked 
|  21|0x0000000081500000, 0x0000000081600000, 0x0000000081600000|100%| O|  |TAMS 0x0000000081600000, 0x0000000081500000| Untracked 
|  22|0x0000000081600000, 0x0000000081700000, 0x0000000081700000|100%| O|  |TAMS 0x0000000081700000, 0x0000000081600000| Untracked 
|  23|0x0000000081700000, 0x0000000081800000, 0x0000000081800000|100%| O|  |TAMS 0x0000000081800000, 0x0000000081700000| Untracked 
|  24|0x0000000081800000, 0x0000000081900000, 0x0000000081900000|100%| O|  |TAMS 0x0000000081900000, 0x0000000081800000| Untracked 
|  25|0x0000000081900000, 0x0000000081a00000, 0x0000000081a00000|100%| O|  |TAMS 0x0000000081a00000, 0x0000000081900000| Untracked 
|  26|0x0000000081a00000, 0x0000000081b00000, 0x0000000081b00000|100%|HS|  |TAMS 0x0000000081b00000, 0x0000000081a00000| Complete 
|  27|0x0000000081b00000, 0x0000000081c00000, 0x0000000081c00000|100%|HS|  |TAMS 0x0000000081c00000, 0x0000000081b00000| Complete 
|  28|0x0000000081c00000, 0x0000000081d00000, 0x0000000081d00000|100%|HS|  |TAMS 0x0000000081d00000, 0x0000000081c00000| Complete 
|  29|0x0000000081d00000, 0x0000000081e00000, 0x0000000081e00000|100%|HC|  |TAMS 0x0000000081e00000, 0x0000000081d00000| Complete 
|  30|0x0000000081e00000, 0x0000000081f00000, 0x0000000081f00000|100%| O|  |TAMS 0x0000000081f00000, 0x0000000081e00000| Untracked 
|  31|0x0000000081f00000, 0x0000000082000000, 0x0000000082000000|100%| O|  |TAMS 0x0000000082000000, 0x0000000081f00000| Untracked 
|  32|0x0000000082000000, 0x0000000082100000, 0x0000000082100000|100%| O|  |TAMS 0x0000000082100000, 0x0000000082000000| Untracked 
|  33|0x0000000082100000, 0x0000000082200000, 0x0000000082200000|100%| O|  |TAMS 0x0000000082200000, 0x0000000082100000| Untracked 
|  34|0x0000000082200000, 0x0000000082300000, 0x0000000082300000|100%| O|  |TAMS 0x0000000082300000, 0x0000000082200000| Untracked 
|  35|0x0000000082300000, 0x0000000082400000, 0x0000000082400000|100%| O|  |TAMS 0x0000000082400000, 0x0000000082300000| Untracked 
|  36|0x0000000082400000, 0x0000000082500000, 0x0000000082500000|100%| O|  |TAMS 0x0000000082500000, 0x0000000082400000| Untracked 
|  37|0x0000000082500000, 0x0000000082600000, 0x0000000082600000|100%| O|  |TAMS 0x0000000082600000, 0x0000000082500000| Untracked 
|  38|0x0000000082600000, 0x0000000082700000, 0x0000000082700000|100%| O|  |TAMS 0x0000000082700000, 0x0000000082600000| Untracked 
|  39|0x0000000082700000, 0x0000000082800000, 0x0000000082800000|100%| O|  |TAMS 0x0000000082800000, 0x0000000082700000| Untracked 
|  40|0x0000000082800000, 0x0000000082900000, 0x0000000082900000|100%| O|  |TAMS 0x0000000082900000, 0x0000000082800000| Untracked 
|  41|0x0000000082900000, 0x0000000082a00000, 0x0000000082a00000|100%| O|  |TAMS 0x0000000082a00000, 0x0000000082900000| Untracked 
|  42|0x0000000082a00000, 0x0000000082b00000, 0x0000000082b00000|100%| O|  |TAMS 0x0000000082b00000, 0x0000000082a00000| Untracked 
|  43|0x0000000082b00000, 0x0000000082c00000, 0x0000000082c00000|100%| O|  |TAMS 0x0000000082c00000, 0x0000000082b00000| Untracked 
|  44|0x0000000082c00000, 0x0000000082d00000, 0x0000000082d00000|100%| O|  |TAMS 0x0000000082c1b200, 0x0000000082c00000| Untracked 
|  45|0x0000000082d00000, 0x0000000082e00000, 0x0000000082e00000|100%| O|  |TAMS 0x0000000082d00000, 0x0000000082d00000| Untracked 
|  46|0x0000000082e00000, 0x0000000082f00000, 0x0000000082f00000|100%| O|  |TAMS 0x0000000082e00000, 0x0000000082e00000| Untracked 
|  47|0x0000000082f00000, 0x0000000083000000, 0x0000000083000000|100%| O|  |TAMS 0x0000000082f00000, 0x0000000082f00000| Untracked 
|  48|0x0000000083000000, 0x0000000083100000, 0x0000000083100000|100%| O|  |TAMS 0x0000000083000000, 0x0000000083000000| Untracked 
|  49|0x0000000083100000, 0x0000000083200000, 0x0000000083200000|100%| O|  |TAMS 0x0000000083100000, 0x0000000083100000| Untracked 
|  50|0x0000000083200000, 0x0000000083300000, 0x0000000083300000|100%| O|  |TAMS 0x0000000083200000, 0x0000000083200000| Untracked 
|  51|0x0000000083300000, 0x0000000083400000, 0x0000000083400000|100%| O|  |TAMS 0x0000000083300000, 0x0000000083300000| Untracked 
|  52|0x0000000083400000, 0x0000000083500000, 0x0000000083500000|100%| O|  |TAMS 0x0000000083400000, 0x0000000083400000| Untracked 
|  53|0x0000000083500000, 0x0000000083600000, 0x0000000083600000|100%| O|  |TAMS 0x0000000083500000, 0x0000000083500000| Untracked 
|  54|0x0000000083600000, 0x0000000083700000, 0x0000000083700000|100%| O|  |TAMS 0x0000000083600000, 0x0000000083600000| Untracked 
|  55|0x0000000083700000, 0x0000000083800000, 0x0000000083800000|100%| O|  |TAMS 0x0000000083700000, 0x0000000083700000| Untracked 
|  56|0x0000000083800000, 0x0000000083900000, 0x0000000083900000|100%| O|  |TAMS 0x0000000083800000, 0x0000000083800000| Untracked 
|  57|0x0000000083900000, 0x0000000083a00000, 0x0000000083a00000|100%| O|  |TAMS 0x0000000083900000, 0x0000000083900000| Untracked 
|  58|0x0000000083a00000, 0x0000000083b00000, 0x0000000083b00000|100%| O|  |TAMS 0x0000000083a00000, 0x0000000083a00000| Untracked 
|  59|0x0000000083b00000, 0x0000000083c00000, 0x0000000083c00000|100%| O|  |TAMS 0x0000000083b00000, 0x0000000083b00000| Untracked 
|  60|0x0000000083c00000, 0x0000000083d00000, 0x0000000083d00000|100%| O|  |TAMS 0x0000000083c00000, 0x0000000083c00000| Untracked 
|  61|0x0000000083d00000, 0x0000000083e00000, 0x0000000083e00000|100%| O|  |TAMS 0x0000000083d00000, 0x0000000083d00000| Untracked 
|  62|0x0000000083e00000, 0x0000000083f00000, 0x0000000083f00000|100%| O|  |TAMS 0x0000000083e00000, 0x0000000083e00000| Untracked 
|  63|0x0000000083f00000, 0x0000000084000000, 0x0000000084000000|100%| O|  |TAMS 0x0000000083f00000, 0x0000000083f00000| Untracked 
|  64|0x0000000084000000, 0x0000000084100000, 0x0000000084100000|100%|HS|  |TAMS 0x0000000084000000, 0x0000000084000000| Complete 
|  65|0x0000000084100000, 0x0000000084200000, 0x0000000084200000|100%|HC|  |TAMS 0x0000000084100000, 0x0000000084100000| Complete 
|  66|0x0000000084200000, 0x0000000084300000, 0x0000000084300000|100%| O|  |TAMS 0x0000000084200000, 0x0000000084200000| Untracked 
|  67|0x0000000084300000, 0x0000000084400000, 0x0000000084400000|100%| O|  |TAMS 0x0000000084300000, 0x0000000084300000| Untracked 
|  68|0x0000000084400000, 0x0000000084500000, 0x0000000084500000|100%| O|  |TAMS 0x0000000084400000, 0x0000000084400000| Untracked 
|  69|0x0000000084500000, 0x0000000084600000, 0x0000000084600000|100%| O|  |TAMS 0x0000000084500000, 0x0000000084500000| Untracked 
|  70|0x0000000084600000, 0x0000000084700000, 0x0000000084700000|100%| O|  |TAMS 0x0000000084600000, 0x0000000084600000| Untracked 
|  71|0x0000000084700000, 0x0000000084800000, 0x0000000084800000|100%| O|  |TAMS 0x0000000084700000, 0x0000000084700000| Untracked 
|  72|0x0000000084800000, 0x0000000084900000, 0x0000000084900000|100%| O|  |TAMS 0x0000000084800000, 0x0000000084800000| Untracked 
|  73|0x0000000084900000, 0x0000000084a00000, 0x0000000084a00000|100%| O|  |TAMS 0x0000000084900000, 0x0000000084900000| Untracked 
|  74|0x0000000084a00000, 0x0000000084b00000, 0x0000000084b00000|100%| O|  |TAMS 0x0000000084a00000, 0x0000000084a00000| Untracked 
|  75|0x0000000084b00000, 0x0000000084c00000, 0x0000000084c00000|100%| O|  |TAMS 0x0000000084b00000, 0x0000000084b00000| Untracked 
|  76|0x0000000084c00000, 0x0000000084d00000, 0x0000000084d00000|100%| O|  |TAMS 0x0000000084c00000, 0x0000000084c00000| Untracked 
|  77|0x0000000084d00000, 0x0000000084e00000, 0x0000000084e00000|100%| O|  |TAMS 0x0000000084d00000, 0x0000000084d00000| Untracked 
|  78|0x0000000084e00000, 0x0000000084f00000, 0x0000000084f00000|100%| O|  |TAMS 0x0000000084e00000, 0x0000000084e00000| Untracked 
|  79|0x0000000084f00000, 0x0000000085000000, 0x0000000085000000|100%| O|  |TAMS 0x0000000084f00000, 0x0000000084f00000| Untracked 
|  80|0x0000000085000000, 0x0000000085100000, 0x0000000085100000|100%| O|  |TAMS 0x0000000085000000, 0x0000000085000000| Untracked 
|  81|0x0000000085100000, 0x0000000085200000, 0x0000000085200000|100%| O|  |TAMS 0x0000000085100000, 0x0000000085100000| Untracked 
|  82|0x0000000085200000, 0x0000000085300000, 0x0000000085300000|100%| O|  |TAMS 0x0000000085200000, 0x0000000085200000| Untracked 
|  83|0x0000000085300000, 0x0000000085400000, 0x0000000085400000|100%| O|  |TAMS 0x0000000085300000, 0x0000000085300000| Untracked 
|  84|0x0000000085400000, 0x0000000085500000, 0x0000000085500000|100%| O|  |TAMS 0x0000000085400000, 0x0000000085400000| Untracked 
|  85|0x0000000085500000, 0x0000000085600000, 0x0000000085600000|100%| O|  |TAMS 0x0000000085500000, 0x0000000085500000| Untracked 
|  86|0x0000000085600000, 0x0000000085700000, 0x0000000085700000|100%| O|  |TAMS 0x0000000085600000, 0x0000000085600000| Untracked 
|  87|0x0000000085700000, 0x0000000085800000, 0x0000000085800000|100%| O|  |TAMS 0x0000000085700000, 0x0000000085700000| Untracked 
|  88|0x0000000085800000, 0x0000000085900000, 0x0000000085900000|100%| O|  |TAMS 0x0000000085800000, 0x0000000085800000| Untracked 
|  89|0x0000000085900000, 0x0000000085a00000, 0x0000000085a00000|100%| O|  |TAMS 0x0000000085900000, 0x0000000085900000| Untracked 
|  90|0x0000000085a00000, 0x0000000085b00000, 0x0000000085b00000|100%| O|  |TAMS 0x0000000085a00000, 0x0000000085a00000| Untracked 
|  91|0x0000000085b00000, 0x0000000085c00000, 0x0000000085c00000|100%| O|  |TAMS 0x0000000085b00000, 0x0000000085b00000| Untracked 
|  92|0x0000000085c00000, 0x0000000085d00000, 0x0000000085d00000|100%| O|  |TAMS 0x0000000085c00000, 0x0000000085c00000| Untracked 
|  93|0x0000000085d00000, 0x0000000085e00000, 0x0000000085e00000|100%| O|  |TAMS 0x0000000085d00000, 0x0000000085d00000| Untracked 
|  94|0x0000000085e00000, 0x0000000085f00000, 0x0000000085f00000|100%| O|  |TAMS 0x0000000085e00000, 0x0000000085e00000| Untracked 
|  95|0x0000000085f00000, 0x0000000086000000, 0x0000000086000000|100%| O|  |TAMS 0x0000000085f00000, 0x0000000085f00000| Untracked 
|  96|0x0000000086000000, 0x0000000086100000, 0x0000000086100000|100%| O|  |TAMS 0x0000000086000000, 0x0000000086000000| Untracked 
|  97|0x0000000086100000, 0x0000000086200000, 0x0000000086200000|100%| O|  |TAMS 0x0000000086100000, 0x0000000086100000| Untracked 
|  98|0x0000000086200000, 0x0000000086300000, 0x0000000086300000|100%| O|  |TAMS 0x0000000086200000, 0x0000000086200000| Untracked 
|  99|0x0000000086300000, 0x0000000086400000, 0x0000000086400000|100%| O|  |TAMS 0x0000000086300000, 0x0000000086300000| Untracked 
| 100|0x0000000086400000, 0x0000000086500000, 0x0000000086500000|100%| O|  |TAMS 0x0000000086400000, 0x0000000086400000| Untracked 
| 101|0x0000000086500000, 0x0000000086600000, 0x0000000086600000|100%| O|  |TAMS 0x0000000086500000, 0x0000000086500000| Untracked 
| 102|0x0000000086600000, 0x0000000086700000, 0x0000000086700000|100%| O|  |TAMS 0x0000000086600000, 0x0000000086600000| Untracked 
| 103|0x0000000086700000, 0x0000000086800000, 0x0000000086800000|100%| O|  |TAMS 0x0000000086700000, 0x0000000086700000| Untracked 
| 104|0x0000000086800000, 0x0000000086900000, 0x0000000086900000|100%| O|  |TAMS 0x0000000086800000, 0x0000000086800000| Untracked 
| 105|0x0000000086900000, 0x0000000086a00000, 0x0000000086a00000|100%| O|  |TAMS 0x0000000086900000, 0x0000000086900000| Untracked 
| 106|0x0000000086a00000, 0x0000000086b00000, 0x0000000086b00000|100%| O|  |TAMS 0x0000000086a00000, 0x0000000086a00000| Untracked 
| 107|0x0000000086b00000, 0x0000000086c00000, 0x0000000086c00000|100%| O|  |TAMS 0x0000000086b00000, 0x0000000086b00000| Untracked 
| 108|0x0000000086c00000, 0x0000000086d00000, 0x0000000086d00000|100%| O|  |TAMS 0x0000000086c00000, 0x0000000086c00000| Untracked 
| 109|0x0000000086d00000, 0x0000000086d7de00, 0x0000000086e00000| 49%| O|  |TAMS 0x0000000086d00000, 0x0000000086d00000| Untracked 
| 110|0x0000000086e00000, 0x0000000086e00000, 0x0000000086f00000|  0%| F|  |TAMS 0x0000000086e00000, 0x0000000086e00000| Untracked 
| 111|0x0000000086f00000, 0x0000000086f00000, 0x0000000087000000|  0%| F|  |TAMS 0x0000000086f00000, 0x0000000086f00000| Untracked 
| 112|0x0000000087000000, 0x0000000087000000, 0x0000000087100000|  0%| F|  |TAMS 0x0000000087000000, 0x0000000087000000| Untracked 
| 113|0x0000000087100000, 0x0000000087100000, 0x0000000087200000|  0%| F|  |TAMS 0x0000000087100000, 0x0000000087100000| Untracked 
| 114|0x0000000087200000, 0x0000000087200000, 0x0000000087300000|  0%| F|  |TAMS 0x0000000087200000, 0x0000000087200000| Untracked 
| 115|0x0000000087300000, 0x0000000087300000, 0x0000000087400000|  0%| F|  |TAMS 0x0000000087300000, 0x0000000087300000| Untracked 
| 116|0x0000000087400000, 0x0000000087400000, 0x0000000087500000|  0%| F|  |TAMS 0x0000000087400000, 0x0000000087400000| Untracked 
| 117|0x0000000087500000, 0x0000000087500000, 0x0000000087600000|  0%| F|  |TAMS 0x0000000087500000, 0x0000000087500000| Untracked 
| 118|0x0000000087600000, 0x0000000087600000, 0x0000000087700000|  0%| F|  |TAMS 0x0000000087600000, 0x0000000087600000| Untracked 
| 119|0x0000000087700000, 0x0000000087700000, 0x0000000087800000|  0%| F|  |TAMS 0x0000000087700000, 0x0000000087700000| Untracked 
| 120|0x0000000087800000, 0x0000000087800000, 0x0000000087900000|  0%| F|  |TAMS 0x0000000087800000, 0x0000000087800000| Untracked 
| 121|0x0000000087900000, 0x0000000087900000, 0x0000000087a00000|  0%| F|  |TAMS 0x0000000087900000, 0x0000000087900000| Untracked 
| 122|0x0000000087a00000, 0x0000000087a00000, 0x0000000087b00000|  0%| F|  |TAMS 0x0000000087a00000, 0x0000000087a00000| Untracked 
| 123|0x0000000087b00000, 0x0000000087b00000, 0x0000000087c00000|  0%| F|  |TAMS 0x0000000087b00000, 0x0000000087b00000| Untracked 
| 124|0x0000000087c00000, 0x0000000087c00000, 0x0000000087d00000|  0%| F|  |TAMS 0x0000000087c00000, 0x0000000087c00000| Untracked 
| 125|0x0000000087d00000, 0x0000000087d00000, 0x0000000087e00000|  0%| F|  |TAMS 0x0000000087d00000, 0x0000000087d00000| Untracked 
| 126|0x0000000087e00000, 0x0000000087e00000, 0x0000000087f00000|  0%| F|  |TAMS 0x0000000087e00000, 0x0000000087e00000| Untracked 
| 127|0x0000000087f00000, 0x0000000087f00000, 0x0000000088000000|  0%| F|  |TAMS 0x0000000087f00000, 0x0000000087f00000| Untracked 
| 128|0x0000000088000000, 0x0000000088000000, 0x0000000088100000|  0%| F|  |TAMS 0x0000000088000000, 0x0000000088000000| Untracked 
| 129|0x0000000088100000, 0x0000000088100000, 0x0000000088200000|  0%| F|  |TAMS 0x0000000088100000, 0x0000000088100000| Untracked 
| 130|0x0000000088200000, 0x0000000088200000, 0x0000000088300000|  0%| F|  |TAMS 0x0000000088200000, 0x0000000088200000| Untracked 
| 131|0x0000000088300000, 0x0000000088300000, 0x0000000088400000|  0%| F|  |TAMS 0x0000000088300000, 0x0000000088300000| Untracked 
| 132|0x0000000088400000, 0x0000000088400000, 0x0000000088500000|  0%| F|  |TAMS 0x0000000088400000, 0x0000000088400000| Untracked 
| 133|0x0000000088500000, 0x0000000088500000, 0x0000000088600000|  0%| F|  |TAMS 0x0000000088500000, 0x0000000088500000| Untracked 
| 134|0x0000000088600000, 0x0000000088600000, 0x0000000088700000|  0%| F|  |TAMS 0x0000000088600000, 0x0000000088600000| Untracked 
| 135|0x0000000088700000, 0x0000000088700000, 0x0000000088800000|  0%| F|  |TAMS 0x0000000088700000, 0x0000000088700000| Untracked 
| 136|0x0000000088800000, 0x0000000088800000, 0x0000000088900000|  0%| F|  |TAMS 0x0000000088800000, 0x0000000088800000| Untracked 
| 137|0x0000000088900000, 0x0000000088900000, 0x0000000088a00000|  0%| F|  |TAMS 0x0000000088900000, 0x0000000088900000| Untracked 
| 138|0x0000000088a00000, 0x0000000088a00000, 0x0000000088b00000|  0%| F|  |TAMS 0x0000000088a00000, 0x0000000088a00000| Untracked 
| 139|0x0000000088b00000, 0x0000000088b00000, 0x0000000088c00000|  0%| F|  |TAMS 0x0000000088b00000, 0x0000000088b00000| Untracked 
| 140|0x0000000088c00000, 0x0000000088ce6988, 0x0000000088d00000| 90%| S|CS|TAMS 0x0000000088c00000, 0x0000000088c00000| Complete 
| 141|0x0000000088d00000, 0x0000000088e00000, 0x0000000088e00000|100%| S|CS|TAMS 0x0000000088d00000, 0x0000000088d00000| Complete 
| 142|0x0000000088e00000, 0x0000000088e00000, 0x0000000088f00000|  0%| F|  |TAMS 0x0000000088e00000, 0x0000000088e00000| Untracked 
| 143|0x0000000088f00000, 0x0000000089000000, 0x0000000089000000|100%| S|CS|TAMS 0x0000000088f00000, 0x0000000088f00000| Complete 
| 144|0x0000000089000000, 0x0000000089100000, 0x0000000089100000|100%| S|CS|TAMS 0x0000000089000000, 0x0000000089000000| Complete 
| 145|0x0000000089100000, 0x0000000089200000, 0x0000000089200000|100%| S|CS|TAMS 0x0000000089100000, 0x0000000089100000| Complete 
| 146|0x0000000089200000, 0x0000000089300000, 0x0000000089300000|100%| S|CS|TAMS 0x0000000089200000, 0x0000000089200000| Complete 
| 147|0x0000000089300000, 0x0000000089300000, 0x0000000089400000|  0%| F|  |TAMS 0x0000000089300000, 0x0000000089300000| Untracked 
| 148|0x0000000089400000, 0x0000000089400000, 0x0000000089500000|  0%| F|  |TAMS 0x0000000089400000, 0x0000000089400000| Untracked 
| 149|0x0000000089500000, 0x0000000089500000, 0x0000000089600000|  0%| F|  |TAMS 0x0000000089500000, 0x0000000089500000| Untracked 
| 150|0x0000000089600000, 0x0000000089700000, 0x0000000089700000|100%| S|CS|TAMS 0x0000000089600000, 0x0000000089600000| Complete 
| 151|0x0000000089700000, 0x0000000089800000, 0x0000000089800000|100%| S|CS|TAMS 0x0000000089700000, 0x0000000089700000| Complete 
| 152|0x0000000089800000, 0x0000000089900000, 0x0000000089900000|100%| S|CS|TAMS 0x0000000089800000, 0x0000000089800000| Complete 
| 153|0x0000000089900000, 0x0000000089900000, 0x0000000089a00000|  0%| F|  |TAMS 0x0000000089900000, 0x0000000089900000| Untracked 
| 154|0x0000000089a00000, 0x0000000089a00000, 0x0000000089b00000|  0%| F|  |TAMS 0x0000000089a00000, 0x0000000089a00000| Untracked 
| 155|0x0000000089b00000, 0x0000000089b00000, 0x0000000089c00000|  0%| F|  |TAMS 0x0000000089b00000, 0x0000000089b00000| Untracked 
| 156|0x0000000089c00000, 0x0000000089c00000, 0x0000000089d00000|  0%| F|  |TAMS 0x0000000089c00000, 0x0000000089c00000| Untracked 
| 157|0x0000000089d00000, 0x0000000089d00000, 0x0000000089e00000|  0%| F|  |TAMS 0x0000000089d00000, 0x0000000089d00000| Untracked 
| 158|0x0000000089e00000, 0x0000000089e00000, 0x0000000089f00000|  0%| F|  |TAMS 0x0000000089e00000, 0x0000000089e00000| Untracked 
| 159|0x0000000089f00000, 0x0000000089f00000, 0x000000008a000000|  0%| F|  |TAMS 0x0000000089f00000, 0x0000000089f00000| Untracked 
| 160|0x000000008a000000, 0x000000008a000000, 0x000000008a100000|  0%| F|  |TAMS 0x000000008a000000, 0x000000008a000000| Untracked 
| 161|0x000000008a100000, 0x000000008a100000, 0x000000008a200000|  0%| F|  |TAMS 0x000000008a100000, 0x000000008a100000| Untracked 
| 162|0x000000008a200000, 0x000000008a200000, 0x000000008a300000|  0%| F|  |TAMS 0x000000008a200000, 0x000000008a200000| Untracked 
| 163|0x000000008a300000, 0x000000008a300000, 0x000000008a400000|  0%| F|  |TAMS 0x000000008a300000, 0x000000008a300000| Untracked 
| 164|0x000000008a400000, 0x000000008a400000, 0x000000008a500000|  0%| F|  |TAMS 0x000000008a400000, 0x000000008a400000| Untracked 
| 165|0x000000008a500000, 0x000000008a500000, 0x000000008a600000|  0%| F|  |TAMS 0x000000008a500000, 0x000000008a500000| Untracked 
| 166|0x000000008a600000, 0x000000008a600000, 0x000000008a700000|  0%| F|  |TAMS 0x000000008a600000, 0x000000008a600000| Untracked 
| 167|0x000000008a700000, 0x000000008a700000, 0x000000008a800000|  0%| F|  |TAMS 0x000000008a700000, 0x000000008a700000| Untracked 
| 168|0x000000008a800000, 0x000000008a800000, 0x000000008a900000|  0%| F|  |TAMS 0x000000008a800000, 0x000000008a800000| Untracked 
| 169|0x000000008a900000, 0x000000008a900000, 0x000000008aa00000|  0%| F|  |TAMS 0x000000008a900000, 0x000000008a900000| Untracked 
| 170|0x000000008aa00000, 0x000000008aa00000, 0x000000008ab00000|  0%| F|  |TAMS 0x000000008aa00000, 0x000000008aa00000| Untracked 
| 171|0x000000008ab00000, 0x000000008ab00000, 0x000000008ac00000|  0%| F|  |TAMS 0x000000008ab00000, 0x000000008ab00000| Untracked 
| 172|0x000000008ac00000, 0x000000008ac00000, 0x000000008ad00000|  0%| F|  |TAMS 0x000000008ac00000, 0x000000008ac00000| Untracked 
| 173|0x000000008ad00000, 0x000000008ad00000, 0x000000008ae00000|  0%| F|  |TAMS 0x000000008ad00000, 0x000000008ad00000| Untracked 
| 174|0x000000008ae00000, 0x000000008ae00000, 0x000000008af00000|  0%| F|  |TAMS 0x000000008ae00000, 0x000000008ae00000| Untracked 
| 175|0x000000008af00000, 0x000000008af00000, 0x000000008b000000|  0%| F|  |TAMS 0x000000008af00000, 0x000000008af00000| Untracked 
| 176|0x000000008b000000, 0x000000008b000000, 0x000000008b100000|  0%| F|  |TAMS 0x000000008b000000, 0x000000008b000000| Untracked 
| 177|0x000000008b100000, 0x000000008b100000, 0x000000008b200000|  0%| F|  |TAMS 0x000000008b100000, 0x000000008b100000| Untracked 
| 178|0x000000008b200000, 0x000000008b200000, 0x000000008b300000|  0%| F|  |TAMS 0x000000008b200000, 0x000000008b200000| Untracked 
| 179|0x000000008b300000, 0x000000008b300000, 0x000000008b400000|  0%| F|  |TAMS 0x000000008b300000, 0x000000008b300000| Untracked 
| 180|0x000000008b400000, 0x000000008b400000, 0x000000008b500000|  0%| F|  |TAMS 0x000000008b400000, 0x000000008b400000| Untracked 
| 181|0x000000008b500000, 0x000000008b500000, 0x000000008b600000|  0%| F|  |TAMS 0x000000008b500000, 0x000000008b500000| Untracked 
| 182|0x000000008b600000, 0x000000008b600000, 0x000000008b700000|  0%| F|  |TAMS 0x000000008b600000, 0x000000008b600000| Untracked 
| 183|0x000000008b700000, 0x000000008b700000, 0x000000008b800000|  0%| F|  |TAMS 0x000000008b700000, 0x000000008b700000| Untracked 
| 184|0x000000008b800000, 0x000000008b800000, 0x000000008b900000|  0%| F|  |TAMS 0x000000008b800000, 0x000000008b800000| Untracked 
| 185|0x000000008b900000, 0x000000008b900000, 0x000000008ba00000|  0%| F|  |TAMS 0x000000008b900000, 0x000000008b900000| Untracked 
| 186|0x000000008ba00000, 0x000000008ba00000, 0x000000008bb00000|  0%| F|  |TAMS 0x000000008ba00000, 0x000000008ba00000| Untracked 
| 187|0x000000008bb00000, 0x000000008bb00000, 0x000000008bc00000|  0%| F|  |TAMS 0x000000008bb00000, 0x000000008bb00000| Untracked 
| 188|0x000000008bc00000, 0x000000008bc00000, 0x000000008bd00000|  0%| F|  |TAMS 0x000000008bc00000, 0x000000008bc00000| Untracked 
| 189|0x000000008bd00000, 0x000000008bd00000, 0x000000008be00000|  0%| F|  |TAMS 0x000000008bd00000, 0x000000008bd00000| Untracked 
| 190|0x000000008be00000, 0x000000008be00000, 0x000000008bf00000|  0%| F|  |TAMS 0x000000008be00000, 0x000000008be00000| Untracked 
| 191|0x000000008bf00000, 0x000000008bf00000, 0x000000008c000000|  0%| F|  |TAMS 0x000000008bf00000, 0x000000008bf00000| Untracked 
| 192|0x000000008c000000, 0x000000008c000000, 0x000000008c100000|  0%| F|  |TAMS 0x000000008c000000, 0x000000008c000000| Untracked 
| 193|0x000000008c100000, 0x000000008c100000, 0x000000008c200000|  0%| F|  |TAMS 0x000000008c100000, 0x000000008c100000| Untracked 
| 194|0x000000008c200000, 0x000000008c200000, 0x000000008c300000|  0%| F|  |TAMS 0x000000008c200000, 0x000000008c200000| Untracked 
| 195|0x000000008c300000, 0x000000008c300000, 0x000000008c400000|  0%| F|  |TAMS 0x000000008c300000, 0x000000008c300000| Untracked 
| 196|0x000000008c400000, 0x000000008c400000, 0x000000008c500000|  0%| F|  |TAMS 0x000000008c400000, 0x000000008c400000| Untracked 
| 197|0x000000008c500000, 0x000000008c500000, 0x000000008c600000|  0%| F|  |TAMS 0x000000008c500000, 0x000000008c500000| Untracked 
| 198|0x000000008c600000, 0x000000008c600000, 0x000000008c700000|  0%| F|  |TAMS 0x000000008c600000, 0x000000008c600000| Untracked 
| 199|0x000000008c700000, 0x000000008c700000, 0x000000008c800000|  0%| F|  |TAMS 0x000000008c700000, 0x000000008c700000| Untracked 
| 200|0x000000008c800000, 0x000000008c800000, 0x000000008c900000|  0%| F|  |TAMS 0x000000008c800000, 0x000000008c800000| Untracked 
| 201|0x000000008c900000, 0x000000008c900000, 0x000000008ca00000|  0%| F|  |TAMS 0x000000008c900000, 0x000000008c900000| Untracked 
| 202|0x000000008ca00000, 0x000000008ca00000, 0x000000008cb00000|  0%| F|  |TAMS 0x000000008ca00000, 0x000000008ca00000| Untracked 
| 203|0x000000008cb00000, 0x000000008cb00000, 0x000000008cc00000|  0%| F|  |TAMS 0x000000008cb00000, 0x000000008cb00000| Untracked 
| 204|0x000000008cc00000, 0x000000008cc00000, 0x000000008cd00000|  0%| F|  |TAMS 0x000000008cc00000, 0x000000008cc00000| Untracked 
| 205|0x000000008cd00000, 0x000000008cd00000, 0x000000008ce00000|  0%| F|  |TAMS 0x000000008cd00000, 0x000000008cd00000| Untracked 
| 206|0x000000008ce00000, 0x000000008ce00000, 0x000000008cf00000|  0%| F|  |TAMS 0x000000008ce00000, 0x000000008ce00000| Untracked 
| 207|0x000000008cf00000, 0x000000008cf00000, 0x000000008d000000|  0%| F|  |TAMS 0x000000008cf00000, 0x000000008cf00000| Untracked 
| 208|0x000000008d000000, 0x000000008d000000, 0x000000008d100000|  0%| F|  |TAMS 0x000000008d000000, 0x000000008d000000| Untracked 
| 209|0x000000008d100000, 0x000000008d100000, 0x000000008d200000|  0%| F|  |TAMS 0x000000008d100000, 0x000000008d100000| Untracked 
| 210|0x000000008d200000, 0x000000008d200000, 0x000000008d300000|  0%| F|  |TAMS 0x000000008d200000, 0x000000008d200000| Untracked 
| 211|0x000000008d300000, 0x000000008d300000, 0x000000008d400000|  0%| F|  |TAMS 0x000000008d300000, 0x000000008d300000| Untracked 
| 212|0x000000008d400000, 0x000000008d400000, 0x000000008d500000|  0%| F|  |TAMS 0x000000008d400000, 0x000000008d400000| Untracked 
| 213|0x000000008d500000, 0x000000008d500000, 0x000000008d600000|  0%| F|  |TAMS 0x000000008d500000, 0x000000008d500000| Untracked 
| 214|0x000000008d600000, 0x000000008d600000, 0x000000008d700000|  0%| F|  |TAMS 0x000000008d600000, 0x000000008d600000| Untracked 
| 215|0x000000008d700000, 0x000000008d700000, 0x000000008d800000|  0%| F|  |TAMS 0x000000008d700000, 0x000000008d700000| Untracked 
| 216|0x000000008d800000, 0x000000008d800000, 0x000000008d900000|  0%| F|  |TAMS 0x000000008d800000, 0x000000008d800000| Untracked 
| 217|0x000000008d900000, 0x000000008d900000, 0x000000008da00000|  0%| F|  |TAMS 0x000000008d900000, 0x000000008d900000| Untracked 
| 218|0x000000008da00000, 0x000000008da00000, 0x000000008db00000|  0%| F|  |TAMS 0x000000008da00000, 0x000000008da00000| Untracked 
| 219|0x000000008db00000, 0x000000008db00000, 0x000000008dc00000|  0%| F|  |TAMS 0x000000008db00000, 0x000000008db00000| Untracked 
| 220|0x000000008dc00000, 0x000000008dc00000, 0x000000008dd00000|  0%| F|  |TAMS 0x000000008dc00000, 0x000000008dc00000| Untracked 
| 221|0x000000008dd00000, 0x000000008dd00000, 0x000000008de00000|  0%| F|  |TAMS 0x000000008dd00000, 0x000000008dd00000| Untracked 
| 222|0x000000008de00000, 0x000000008de00000, 0x000000008df00000|  0%| F|  |TAMS 0x000000008de00000, 0x000000008de00000| Untracked 
| 223|0x000000008df00000, 0x000000008df00000, 0x000000008e000000|  0%| F|  |TAMS 0x000000008df00000, 0x000000008df00000| Untracked 
| 224|0x000000008e000000, 0x000000008e000000, 0x000000008e100000|  0%| F|  |TAMS 0x000000008e000000, 0x000000008e000000| Untracked 
| 225|0x000000008e100000, 0x000000008e100000, 0x000000008e200000|  0%| F|  |TAMS 0x000000008e100000, 0x000000008e100000| Untracked 
| 226|0x000000008e200000, 0x000000008e200000, 0x000000008e300000|  0%| F|  |TAMS 0x000000008e200000, 0x000000008e200000| Untracked 
| 227|0x000000008e300000, 0x000000008e300000, 0x000000008e400000|  0%| F|  |TAMS 0x000000008e300000, 0x000000008e300000| Untracked 
| 228|0x000000008e400000, 0x000000008e400000, 0x000000008e500000|  0%| F|  |TAMS 0x000000008e400000, 0x000000008e400000| Untracked 
| 229|0x000000008e500000, 0x000000008e500000, 0x000000008e600000|  0%| F|  |TAMS 0x000000008e500000, 0x000000008e500000| Untracked 
| 230|0x000000008e600000, 0x000000008e600000, 0x000000008e700000|  0%| F|  |TAMS 0x000000008e600000, 0x000000008e600000| Untracked 
| 231|0x000000008e700000, 0x000000008e700000, 0x000000008e800000|  0%| F|  |TAMS 0x000000008e700000, 0x000000008e700000| Untracked 
| 232|0x000000008e800000, 0x000000008e800000, 0x000000008e900000|  0%| F|  |TAMS 0x000000008e800000, 0x000000008e800000| Untracked 
| 233|0x000000008e900000, 0x000000008e900000, 0x000000008ea00000|  0%| F|  |TAMS 0x000000008e900000, 0x000000008e900000| Untracked 
| 234|0x000000008ea00000, 0x000000008ea00000, 0x000000008eb00000|  0%| F|  |TAMS 0x000000008ea00000, 0x000000008ea00000| Untracked 
| 235|0x000000008eb00000, 0x000000008eb00000, 0x000000008ec00000|  0%| F|  |TAMS 0x000000008eb00000, 0x000000008eb00000| Untracked 
| 236|0x000000008ec00000, 0x000000008ec00000, 0x000000008ed00000|  0%| F|  |TAMS 0x000000008ec00000, 0x000000008ec00000| Untracked 
| 237|0x000000008ed00000, 0x000000008ed00000, 0x000000008ee00000|  0%| F|  |TAMS 0x000000008ed00000, 0x000000008ed00000| Untracked 
| 238|0x000000008ee00000, 0x000000008ee00000, 0x000000008ef00000|  0%| F|  |TAMS 0x000000008ee00000, 0x000000008ee00000| Untracked 
| 239|0x000000008ef00000, 0x000000008ef00000, 0x000000008f000000|  0%| F|  |TAMS 0x000000008ef00000, 0x000000008ef00000| Untracked 
| 240|0x000000008f000000, 0x000000008f000000, 0x000000008f100000|  0%| F|  |TAMS 0x000000008f000000, 0x000000008f000000| Untracked 
| 241|0x000000008f100000, 0x000000008f100000, 0x000000008f200000|  0%| F|  |TAMS 0x000000008f100000, 0x000000008f100000| Untracked 
| 242|0x000000008f200000, 0x000000008f200000, 0x000000008f300000|  0%| F|  |TAMS 0x000000008f200000, 0x000000008f200000| Untracked 
| 243|0x000000008f300000, 0x000000008f300000, 0x000000008f400000|  0%| F|  |TAMS 0x000000008f300000, 0x000000008f300000| Untracked 
| 244|0x000000008f400000, 0x000000008f400000, 0x000000008f500000|  0%| F|  |TAMS 0x000000008f400000, 0x000000008f400000| Untracked 
| 245|0x000000008f500000, 0x000000008f500000, 0x000000008f600000|  0%| F|  |TAMS 0x000000008f500000, 0x000000008f500000| Untracked 
| 246|0x000000008f600000, 0x000000008f600000, 0x000000008f700000|  0%| F|  |TAMS 0x000000008f600000, 0x000000008f600000| Untracked 
| 247|0x000000008f700000, 0x000000008f700000, 0x000000008f800000|  0%| F|  |TAMS 0x000000008f700000, 0x000000008f700000| Untracked 
| 248|0x000000008f800000, 0x000000008f800000, 0x000000008f900000|  0%| F|  |TAMS 0x000000008f800000, 0x000000008f800000| Untracked 
| 249|0x000000008f900000, 0x000000008f900000, 0x000000008fa00000|  0%| F|  |TAMS 0x000000008f900000, 0x000000008f900000| Untracked 
| 250|0x000000008fa00000, 0x000000008fa00000, 0x000000008fb00000|  0%| F|  |TAMS 0x000000008fa00000, 0x000000008fa00000| Untracked 
| 251|0x000000008fb00000, 0x000000008fb00000, 0x000000008fc00000|  0%| F|  |TAMS 0x000000008fb00000, 0x000000008fb00000| Untracked 
| 252|0x000000008fc00000, 0x000000008fc00000, 0x000000008fd00000|  0%| F|  |TAMS 0x000000008fc00000, 0x000000008fc00000| Untracked 
| 253|0x000000008fd00000, 0x000000008fd00000, 0x000000008fe00000|  0%| F|  |TAMS 0x000000008fd00000, 0x000000008fd00000| Untracked 
| 254|0x000000008fe00000, 0x000000008fe00000, 0x000000008ff00000|  0%| F|  |TAMS 0x000000008fe00000, 0x000000008fe00000| Untracked 
| 255|0x000000008ff00000, 0x000000008ff00000, 0x0000000090000000|  0%| F|  |TAMS 0x000000008ff00000, 0x000000008ff00000| Untracked 
| 256|0x0000000090000000, 0x0000000090100000, 0x0000000090100000|100%| E|  |TAMS 0x0000000090000000, 0x0000000090000000| Complete 
| 257|0x0000000090100000, 0x0000000090200000, 0x0000000090200000|100%| E|CS|TAMS 0x0000000090100000, 0x0000000090100000| Complete 
| 258|0x0000000090200000, 0x0000000090300000, 0x0000000090300000|100%| E|CS|TAMS 0x0000000090200000, 0x0000000090200000| Complete 
| 259|0x0000000090300000, 0x0000000090400000, 0x0000000090400000|100%| E|CS|TAMS 0x0000000090300000, 0x0000000090300000| Complete 
| 260|0x0000000090400000, 0x0000000090500000, 0x0000000090500000|100%| E|CS|TAMS 0x0000000090400000, 0x0000000090400000| Complete 
| 261|0x0000000090500000, 0x0000000090600000, 0x0000000090600000|100%| E|CS|TAMS 0x0000000090500000, 0x0000000090500000| Complete 
| 262|0x0000000090600000, 0x0000000090700000, 0x0000000090700000|100%| E|CS|TAMS 0x0000000090600000, 0x0000000090600000| Complete 
| 263|0x0000000090700000, 0x0000000090800000, 0x0000000090800000|100%| E|CS|TAMS 0x0000000090700000, 0x0000000090700000| Complete 

Card table byte_map: [0x0000025900400000,0x0000025900800000] _byte_map_base: 0x0000025900000000

Marking Bits (Prev, Next): (CMBitMap*) 0x000002596ce825d8, (CMBitMap*) 0x000002596ce82610
 Prev Bits: [0x0000025900c00000, 0x0000025902c00000)
 Next Bits: [0x0000025902c00000, 0x0000025904c00000)

Polling page: 0x000002596c620000

Metaspace:

Usage:
  Non-class:     86.56 MB capacity,    84.98 MB ( 98%) used,     1.27 MB (  1%) free+waste,   317.06 KB ( <1%) overhead. 
      Class:     13.68 MB capacity,    12.68 MB ( 93%) used,   876.84 KB (  6%) free+waste,   143.25 KB (  1%) overhead. 
       Both:    100.24 MB capacity,    97.67 MB ( 97%) used,     2.13 MB (  2%) free+waste,   460.31 KB ( <1%) overhead. 

Virtual space:
  Non-class space:       88.00 MB reserved,      86.68 MB ( 98%) committed 
      Class space:        1.00 GB reserved,      13.70 MB (  1%) committed 
             Both:        1.09 GB reserved,     100.38 MB (  9%) committed 

Chunk freelists:
   Non-Class:  55.00 KB
       Class:  8.00 KB
        Both:  63.00 KB

MaxMetaspaceSize: 17179869184.00 GB
CompressedClassSpaceSize: 1.00 GB
Initial GC threshold: 20.80 MB
Current GC threshold: 107.30 MB
CDS: off

CodeHeap 'non-profiled nmethods': size=120000Kb used=9140Kb max_used=9140Kb free=110859Kb
 bounds [0x0000025978420000, 0x0000025978d10000, 0x000002597f950000]
CodeHeap 'profiled nmethods': size=120000Kb used=32518Kb max_used=32518Kb free=87481Kb
 bounds [0x0000025970ef0000, 0x0000025972ec0000, 0x0000025978420000]
CodeHeap 'non-nmethods': size=5760Kb used=2399Kb max_used=2463Kb free=3360Kb
 bounds [0x0000025970950000, 0x0000025970bc0000, 0x0000025970ef0000]
 total_blobs=14709 nmethods=13791 adapters=829
 compilation: enabled
              stopped_count=0, restarted_count=0
 full_count=0

Compilation events (20 events):
Event: 18.617 Thread 0x0000025907cb0800 13977       2       com.android.tools.r8.internal.nE::a (189 bytes)
Event: 18.618 Thread 0x0000025907cb0800 nmethod 13977 0x0000025972ea7490 code [0x0000025972ea7740, 0x0000025972ea80a8]
Event: 18.671 Thread 0x0000025907cb0800 13980       1       com.android.tools.r8.internal.Rr::I1 (2 bytes)
Event: 18.671 Thread 0x0000025907cb0800 nmethod 13980 0x0000025978d0cc90 code [0x0000025978d0ce40, 0x0000025978d0cef8]
Event: 18.686 Thread 0x0000025907cb0800 13981       2       com.android.tools.r8.internal.hO::a (48 bytes)
Event: 18.686 Thread 0x0000025907cb0800 nmethod 13981 0x0000025972ea8610 code [0x0000025972ea8800, 0x0000025972ea8b28]
Event: 18.690 Thread 0x0000025907cb0800 13982 %     3       com.android.tools.r8.ir.regalloc.b::a @ 33 (561 bytes)
Event: 18.695 Thread 0x0000025907cb0800 nmethod 13982% 0x0000025972ea8e10 code [0x0000025972ea9380, 0x0000025972eac378]
Event: 18.696 Thread 0x0000025907cb0800 13984       1       com.android.tools.r8.graph.r0::i0 (2 bytes)
Event: 18.696 Thread 0x0000025907cb0800 nmethod 13984 0x0000025978d0cf90 code [0x0000025978d0d140, 0x0000025978d0d1f8]
Event: 18.838 Thread 0x0000025907cb0800 13988       2       com.android.tools.r8.internal.t1::e (11 bytes)
Event: 18.838 Thread 0x0000025907cb0800 nmethod 13988 0x0000025972ead510 code [0x0000025972ead6c0, 0x0000025972ead848]
Event: 18.845 Thread 0x0000025907cb0800 13989       2       com.android.tools.r8.internal.Ed::a (362 bytes)
Event: 18.848 Thread 0x0000025907cb0800 nmethod 13989 0x0000025972ead910 code [0x0000025972eadd00, 0x0000025972eaed08]
Event: 18.848 Thread 0x0000025907cb0800 13991       2       com.android.tools.r8.code.T0::<init> (44 bytes)
Event: 18.848 Thread 0x0000025907cb0800 nmethod 13991 0x0000025972eaf910 code [0x0000025972eafac0, 0x0000025972eafbd8]
Event: 18.940 Thread 0x0000025907cb0800 13992       2       com.android.tools.r8.internal.mU::d (36 bytes)
Event: 18.941 Thread 0x0000025907cb0800 nmethod 13992 0x0000025972eafc90 code [0x0000025972eafea0, 0x0000025972eb03f8]
Event: 18.941 Thread 0x0000025907cb0800 13993       2       com.android.tools.r8.internal.mU::a (209 bytes)
Event: 18.942 Thread 0x0000025907cb0800 nmethod 13993 0x0000025972eb0710 code [0x0000025972eb09e0, 0x0000025972eb1428]

GC Heap History (20 events):
Event: 13.288 GC heap before
{Heap before GC invocations=24 (full 0):
 garbage-first heap   total 225280K, used 176165K [0x0000000080000000, 0x0000000100000000)
  region size 1024K, 75 young (76800K), 9 survivors (9216K)
 Metaspace       used 99236K, capacity 101765K, committed 102024K, reserved 1136640K
  class space    used 12917K, capacity 13896K, committed 14032K, reserved 1048576K
}
Event: 13.300 GC heap after
{Heap after GC invocations=25 (full 0):
 garbage-first heap   total 270336K, used 111446K [0x0000000080000000, 0x0000000100000000)
  region size 1024K, 3 young (3072K), 3 survivors (3072K)
 Metaspace       used 99236K, capacity 101765K, committed 102024K, reserved 1136640K
  class space    used 12917K, capacity 13896K, committed 14032K, reserved 1048576K
}
Event: 14.049 GC heap before
{Heap before GC invocations=25 (full 0):
 garbage-first heap   total 270336K, used 200534K [0x0000000080000000, 0x0000000100000000)
  region size 1024K, 90 young (92160K), 3 survivors (3072K)
 Metaspace       used 99569K, capacity 102103K, committed 102280K, reserved 1138688K
  class space    used 12942K, capacity 13938K, committed 14032K, reserved 1048576K
}
Event: 14.055 GC heap after
{Heap after GC invocations=26 (full 0):
 garbage-first heap   total 270336K, used 112379K [0x0000000080000000, 0x0000000100000000)
  region size 1024K, 4 young (4096K), 4 survivors (4096K)
 Metaspace       used 99569K, capacity 102103K, committed 102280K, reserved 1138688K
  class space    used 12942K, capacity 13938K, committed 14032K, reserved 1048576K
}
Event: 14.640 GC heap before
{Heap before GC invocations=26 (full 0):
 garbage-first heap   total 270336K, used 204539K [0x0000000080000000, 0x0000000100000000)
  region size 1024K, 94 young (96256K), 4 survivors (4096K)
 Metaspace       used 99668K, capacity 102251K, committed 102536K, reserved 1138688K
  class space    used 12952K, capacity 13943K, committed 14032K, reserved 1048576K
}
Event: 14.646 GC heap after
{Heap after GC invocations=27 (full 0):
 garbage-first heap   total 270336K, used 113949K [0x0000000080000000, 0x0000000100000000)
  region size 1024K, 6 young (6144K), 6 survivors (6144K)
 Metaspace       used 99668K, capacity 102251K, committed 102536K, reserved 1138688K
  class space    used 12952K, capacity 13943K, committed 14032K, reserved 1048576K
}
Event: 15.196 GC heap before
{Heap before GC invocations=27 (full 0):
 garbage-first heap   total 270336K, used 207133K [0x0000000080000000, 0x0000000100000000)
  region size 1024K, 97 young (99328K), 6 survivors (6144K)
 Metaspace       used 99758K, capacity 102331K, committed 102536K, reserved 1138688K
  class space    used 12956K, capacity 13946K, committed 14032K, reserved 1048576K
}
Event: 15.203 GC heap after
{Heap after GC invocations=28 (full 0):
 garbage-first heap   total 270336K, used 115397K [0x0000000080000000, 0x0000000100000000)
  region size 1024K, 7 young (7168K), 7 survivors (7168K)
 Metaspace       used 99758K, capacity 102331K, committed 102536K, reserved 1138688K
  class space    used 12956K, capacity 13946K, committed 14032K, reserved 1048576K
}
Event: 15.887 GC heap before
{Heap before GC invocations=28 (full 0):
 garbage-first heap   total 270336K, used 213701K [0x0000000080000000, 0x0000000100000000)
  region size 1024K, 103 young (105472K), 7 survivors (7168K)
 Metaspace       used 99819K, capacity 102436K, committed 102536K, reserved 1138688K
  class space    used 12963K, capacity 13959K, committed 14032K, reserved 1048576K
}
Event: 15.895 GC heap after
{Heap after GC invocations=29 (full 0):
 garbage-first heap   total 270336K, used 116091K [0x0000000080000000, 0x0000000100000000)
  region size 1024K, 8 young (8192K), 8 survivors (8192K)
 Metaspace       used 99819K, capacity 102436K, committed 102536K, reserved 1138688K
  class space    used 12963K, capacity 13959K, committed 14032K, reserved 1048576K
}
Event: 16.511 GC heap before
{Heap before GC invocations=29 (full 0):
 garbage-first heap   total 270336K, used 217467K [0x0000000080000000, 0x0000000100000000)
  region size 1024K, 107 young (109568K), 8 survivors (8192K)
 Metaspace       used 99901K, capacity 102526K, committed 102792K, reserved 1138688K
  class space    used 12979K, capacity 13967K, committed 14032K, reserved 1048576K
}
Event: 16.521 GC heap after
{Heap after GC invocations=30 (full 0):
 garbage-first heap   total 270336K, used 117359K [0x0000000080000000, 0x0000000100000000)
  region size 1024K, 7 young (7168K), 7 survivors (7168K)
 Metaspace       used 99901K, capacity 102526K, committed 102792K, reserved 1138688K
  class space    used 12979K, capacity 13967K, committed 14032K, reserved 1048576K
}
Event: 17.143 GC heap before
{Heap before GC invocations=30 (full 0):
 garbage-first heap   total 270336K, used 221807K [0x0000000080000000, 0x0000000100000000)
  region size 1024K, 109 young (111616K), 7 survivors (7168K)
 Metaspace       used 99931K, capacity 102538K, committed 102792K, reserved 1138688K
  class space    used 12982K, capacity 13971K, committed 14032K, reserved 1048576K
}
Event: 17.153 GC heap after
{Heap after GC invocations=31 (full 0):
 garbage-first heap   total 270336K, used 118511K [0x0000000080000000, 0x0000000100000000)
  region size 1024K, 8 young (8192K), 8 survivors (8192K)
 Metaspace       used 99931K, capacity 102538K, committed 102792K, reserved 1138688K
  class space    used 12982K, capacity 13971K, committed 14032K, reserved 1048576K
}
Event: 17.767 GC heap before
{Heap before GC invocations=31 (full 0):
 garbage-first heap   total 270336K, used 225007K [0x0000000080000000, 0x0000000100000000)
  region size 1024K, 112 young (114688K), 8 survivors (8192K)
 Metaspace       used 99941K, capacity 102540K, committed 102792K, reserved 1138688K
  class space    used 12982K, capacity 13971K, committed 14032K, reserved 1048576K
}
Event: 17.775 GC heap after
{Heap after GC invocations=32 (full 0):
 garbage-first heap   total 270336K, used 119258K [0x0000000080000000, 0x0000000100000000)
  region size 1024K, 9 young (9216K), 9 survivors (9216K)
 Metaspace       used 99941K, capacity 102540K, committed 102792K, reserved 1138688K
  class space    used 12982K, capacity 13971K, committed 14032K, reserved 1048576K
}
Event: 18.394 GC heap before
{Heap before GC invocations=32 (full 0):
 garbage-first heap   total 270336K, used 226778K [0x0000000080000000, 0x0000000100000000)
  region size 1024K, 114 young (116736K), 9 survivors (9216K)
 Metaspace       used 99983K, capacity 102615K, committed 102792K, reserved 1138688K
  class space    used 12984K, capacity 13975K, committed 14032K, reserved 1048576K
}
Event: 18.404 GC heap after
{Heap after GC invocations=33 (full 0):
 garbage-first heap   total 270336K, used 120296K [0x0000000080000000, 0x0000000100000000)
  region size 1024K, 8 young (8192K), 8 survivors (8192K)
 Metaspace       used 99983K, capacity 102615K, committed 102792K, reserved 1138688K
  class space    used 12984K, capacity 13975K, committed 14032K, reserved 1048576K
}
Event: 18.979 GC heap before
{Heap before GC invocations=33 (full 0):
 garbage-first heap   total 270336K, used 229864K [0x0000000080000000, 0x0000000100000000)
  region size 1024K, 115 young (117760K), 8 survivors (8192K)
 Metaspace       used 100001K, capacity 102617K, committed 102792K, reserved 1138688K
  class space    used 12984K, capacity 13976K, committed 14032K, reserved 1048576K
}
Event: 18.989 GC heap after
{Heap after GC invocations=34 (full 0):
 garbage-first heap   total 270336K, used 121233K [0x0000000080000000, 0x0000000100000000)
  region size 1024K, 9 young (9216K), 9 survivors (9216K)
 Metaspace       used 100001K, capacity 102617K, committed 102792K, reserved 1138688K
  class space    used 12984K, capacity 13976K, committed 14032K, reserved 1048576K
}

Deoptimization events (20 events):
Event: 18.463 Thread 0x000002590d04c000 DEOPT PACKING pc=0x000002597297aeed sp=0x000000721c3f8e00
Event: 18.463 Thread 0x000002590d04c000 DEOPT UNPACKING pc=0x000002597099a95e sp=0x000000721c3f8688 mode 0
Event: 18.561 Thread 0x000002590d04c000 DEOPT PACKING pc=0x00000259726f6423 sp=0x000000721c3f8ff0
Event: 18.561 Thread 0x000002590d04c000 DEOPT UNPACKING pc=0x000002597099a95e sp=0x000000721c3f8510 mode 0
Event: 18.639 Thread 0x000002590d04c000 DEOPT PACKING pc=0x00000259728d7b92 sp=0x000000721c3f9280
Event: 18.639 Thread 0x000002590d04c000 DEOPT UNPACKING pc=0x000002597099a95e sp=0x000000721c3f8be0 mode 0
Event: 18.683 Thread 0x000002590d04c000 DEOPT PACKING pc=0x000002597297af0e sp=0x000000721c3f8e00
Event: 18.683 Thread 0x000002590d04c000 DEOPT UNPACKING pc=0x000002597099a95e sp=0x000000721c3f8688 mode 0
Event: 18.738 Thread 0x000002590d04c000 DEOPT PACKING pc=0x000002597297a696 sp=0x000000721c3f8e00
Event: 18.738 Thread 0x000002590d04c000 DEOPT UNPACKING pc=0x000002597099a95e sp=0x000000721c3f8688 mode 0
Event: 18.845 Thread 0x000002590d04c000 Uncommon trap: trap_request=0xffffff4d fr.pc=0x0000025978be7560 relative=0x0000000000002d20
Event: 18.845 Thread 0x000002590d04c000 Uncommon trap: reason=unstable_if action=reinterpret pc=0x0000025978be7560 method=com.android.tools.r8.internal.Ed.a(Ljava/util/Queue;Lcom/android/tools/r8/internal/Tl;Lcom/android/tools/r8/internal/h4;)V @ 66 c2
Event: 18.845 Thread 0x000002590d04c000 DEOPT PACKING pc=0x0000025978be7560 sp=0x000000721c3f95f0
Event: 18.845 Thread 0x000002590d04c000 DEOPT UNPACKING pc=0x000002597099a1af sp=0x000000721c3f9648 mode 2
Event: 18.873 Thread 0x000002590d04c000 DEOPT PACKING pc=0x000002597297af0e sp=0x000000721c3f8e00
Event: 18.873 Thread 0x000002590d04c000 DEOPT UNPACKING pc=0x000002597099a95e sp=0x000000721c3f8688 mode 0
Event: 18.944 Thread 0x000002590d04c000 DEOPT PACKING pc=0x0000025972e42631 sp=0x000000721c3f8fe0
Event: 18.944 Thread 0x000002590d04c000 DEOPT UNPACKING pc=0x000002597099a95e sp=0x000000721c3f8680 mode 0
Event: 18.969 Thread 0x000002590d04c000 DEOPT PACKING pc=0x000002597297af0e sp=0x000000721c3f8e00
Event: 18.969 Thread 0x000002590d04c000 DEOPT UNPACKING pc=0x000002597099a95e sp=0x000000721c3f8688 mode 0

Classes redefined (0 events):
No events

Internal exceptions (20 events):
Event: 9.326 Thread 0x000002590a66b800 Exception <a 'java/lang/NoSuchMethodError'{0x0000000087668b68}: 'java.lang.Object java.lang.invoke.DirectMethodHandle$Holder.invokeSpecialIFC(java.lang.Object, java.lang.Object, java.lang.Object)'> (0x0000000087668b68) thrown at [./src/hotspot/share/interpreter/linkResolver.cpp, line 773]
Event: 9.326 Thread 0x000002590d042800 Exception <a 'java/lang/NoSuchMethodError'{0x00000000876462a0}: 'java.lang.Object java.lang.invoke.DirectMethodHandle$Holder.invokeSpecialIFC(java.lang.Object, java.lang.Object, java.lang.Object)'> (0x00000000876462a0) thrown at [./src/hotspot/share/interpreter/linkResolver.cpp, line 773]
Event: 9.326 Thread 0x000002590b6bc000 Exception <a 'java/lang/NoSuchMethodError'{0x000000008760d988}: 'java.lang.Object java.lang.invoke.DirectMethodHandle$Holder.invokeSpecialIFC(java.lang.Object, java.lang.Object, java.lang.Object)'> (0x000000008760d988) thrown at [./src/hotspot/share/interpreter/linkResolver.cpp, line 773]
Event: 9.550 Thread 0x000002590884f800 Exception <a 'java/lang/NoSuchMethodError'{0x000000008b365be8}: 'void java.lang.invoke.DirectMethodHandle$Holder.invokeVirtual(java.lang.Object, java.lang.Object)'> (0x000000008b365be8) thrown at [./src/hotspot/share/interpreter/linkResolver.cpp, line 773]
Event: 10.480 Thread 0x000002590a669000 Exception <a 'java/lang/NoSuchMethodError'{0x0000000087975ec8}: 'int java.lang.invoke.DirectMethodHandle$Holder.invokeSpecial(java.lang.Object, java.lang.Object, java.lang.Object, java.lang.Object, java.lang.Object)'> (0x0000000087975ec8) thrown at [./src/hotspot/share/interpreter/linkResolver.cpp, line 773]
Event: 10.765 Thread 0x0000025907e4a000 Implicit null exception at 0x00000259789ce1db to 0x00000259789ce270
Event: 10.834 Thread 0x000002590a669000 Implicit null exception at 0x00000259789de60e to 0x00000259789ded50
Event: 10.922 Thread 0x000002590d04c000 Exception <a 'sun/nio/fs/WindowsException'{0x00000000896e8698}> (0x00000000896e8698) thrown at [./src/hotspot/share/prims/jni.cpp, line 615]
Event: 10.999 Thread 0x000002590d04c000 Exception <a 'java/lang/NoSuchMethodError'{0x0000000088f98b38}: 'java.lang.Object java.lang.invoke.DirectMethodHandle$Holder.invokeStaticInit(java.lang.Object, java.lang.Object, java.lang.Object, java.lang.Object, java.lang.Object, java.lang.Object, java.lang.Object, java.lang.Object, java.lang.Object, java.lang.Object, java.lang.Object, java.lang.Object, java.lang.Object, java.lang.Object, java.lang.Object, java.lang.Object, java.lang.Object, java.lang.Object, int, java.lang.Object, java.lang.Object)'> (0
Event: 11.015 Thread 0x000002590d04c000 Exception <a 'java/lang/IncompatibleClassChangeError'{0x0000000088eb6940}: Found class java.lang.Object, but interface was expected> (0x0000000088eb6940) thrown at [./src/hotspot/share/interpreter/linkResolver.cpp, line 839]
Event: 11.049 Thread 0x000002590d04c000 Exception <a 'java/lang/NoSuchMethodError'{0x0000000088b97fa0}: 'java.lang.Object java.lang.invoke.DirectMethodHandle$Holder.invokeStatic(java.lang.Object, long)'> (0x0000000088b97fa0) thrown at [./src/hotspot/share/interpreter/linkResolver.cpp, line 773]
Event: 11.357 Thread 0x000002590d04c000 Exception <a 'java/lang/NoSuchMethodError'{0x000000008c192008}: 'long java.lang.invoke.DirectMethodHandle$Holder.invokeStatic(java.lang.Object, java.lang.Object)'> (0x000000008c192008) thrown at [./src/hotspot/share/interpreter/linkResolver.cpp, line 773]
Event: 11.378 Thread 0x000002590d04c000 Exception <a 'java/lang/IncompatibleClassChangeError'{0x000000008bc09e68}: Found class java.lang.Object, but interface was expected> (0x000000008bc09e68) thrown at [./src/hotspot/share/interpreter/linkResolver.cpp, line 839]
Event: 11.379 Thread 0x000002590d04c000 Exception <a 'java/lang/NoSuchMethodError'{0x000000008bc127b0}: 'java.lang.Object java.lang.invoke.DirectMethodHandle$Holder.newInvokeSpecial(java.lang.Object, int)'> (0x000000008bc127b0) thrown at [./src/hotspot/share/interpreter/linkResolver.cpp, line 773]
Event: 11.384 Thread 0x000002590d04c000 Exception <a 'java/lang/IncompatibleClassChangeError'{0x000000008bc1eab0}: Found class java.lang.Object, but interface was expected> (0x000000008bc1eab0) thrown at [./src/hotspot/share/interpreter/linkResolver.cpp, line 839]
Event: 11.386 Thread 0x000002590d04c000 Exception <a 'java/lang/IncompatibleClassChangeError'{0x000000008bc26f58}: Found class java.lang.Object, but interface was expected> (0x000000008bc26f58) thrown at [./src/hotspot/share/interpreter/linkResolver.cpp, line 839]
Event: 11.405 Thread 0x000002590d04c000 Exception <a 'java/lang/IncompatibleClassChangeError'{0x000000008bbdbe90}: Found class java.lang.Object, but interface was expected> (0x000000008bbdbe90) thrown at [./src/hotspot/share/interpreter/linkResolver.cpp, line 839]
Event: 11.688 Thread 0x000002590d04c000 Exception <a 'java/lang/NoSuchMethodError'{0x0000000088dd9320}: 'java.lang.Object java.lang.invoke.DirectMethodHandle$Holder.invokeStatic(java.lang.Object, int, java.lang.Object, java.lang.Object)'> (0x0000000088dd9320) thrown at [./src/hotspot/share/interpreter/linkResolver.cpp, line 773]
Event: 11.977 Thread 0x000002590d04c000 Exception <a 'java/lang/NoSuchMethodError'{0x000000008b54ba98}: 'void java.lang.invoke.DirectMethodHandle$Holder.invokeSpecial(java.lang.Object, java.lang.Object, int, java.lang.Object)'> (0x000000008b54ba98) thrown at [./src/hotspot/share/interpreter/linkResolver.cpp, line 773]
Event: 13.742 Thread 0x000002590d04c000 Exception <a 'java/lang/NoSuchMethodError'{0x000000008d7205b0}: 'int java.lang.invoke.DirectMethodHandle$Holder.invokeInterface(java.lang.Object, java.lang.Object, int)'> (0x000000008d7205b0) thrown at [./src/hotspot/share/interpreter/linkResolver.cpp, line 773]

Events (20 events):
Event: 18.380 loading class com/android/tools/r8/internal/mV
Event: 18.380 loading class com/android/tools/r8/internal/mV done
Event: 18.380 loading class com/android/tools/r8/internal/mV
Event: 18.380 loading class com/android/tools/r8/internal/mV done
Event: 18.380 loading class com/android/tools/r8/internal/lV
Event: 18.380 loading class com/android/tools/r8/internal/lV done
Event: 18.380 loading class com/android/tools/r8/code/Q0
Event: 18.380 loading class com/android/tools/r8/code/Q0 done
Event: 18.380 loading class com/android/tools/r8/code/Q0
Event: 18.380 loading class com/android/tools/r8/code/Q0 done
Event: 18.380 loading class com/android/tools/r8/code/Q0
Event: 18.380 loading class com/android/tools/r8/code/Q0 done
Event: 18.380 loading class com/android/tools/r8/code/Q0
Event: 18.380 loading class com/android/tools/r8/code/Q0 done
Event: 18.394 Executing VM operation: G1CollectForAllocation
Event: 18.404 Executing VM operation: G1CollectForAllocation done
Event: 18.902 loading class com/android/tools/r8/internal/uJ
Event: 18.902 loading class com/android/tools/r8/internal/uJ done
Event: 18.979 Executing VM operation: G1CollectForAllocation
Event: 18.989 Executing VM operation: G1CollectForAllocation done


Dynamic libraries:
0x00007ff604880000 - 0x00007ff60488a000 	C:\Users\Tam\Documents\ANDROI STUDIO\jre\bin\java.exe
0x00007fffaf360000 - 0x00007fffaf569000 	C:\WINDOWS\SYSTEM32\ntdll.dll
0x00007fffae200000 - 0x00007fffae2be000 	C:\WINDOWS\System32\KERNEL32.DLL
0x00007fffaccd0000 - 0x00007fffad04b000 	C:\WINDOWS\System32\KERNELBASE.dll
0x00007fffacb10000 - 0x00007fffacc21000 	C:\WINDOWS\System32\ucrtbase.dll
0x00007fffa0b90000 - 0x00007fffa0ba7000 	C:\Users\Tam\Documents\ANDROI STUDIO\jre\bin\VCRUNTIME140.dll
0x00007fffa0bb0000 - 0x00007fffa0bc9000 	C:\Users\Tam\Documents\ANDROI STUDIO\jre\bin\jli.dll
0x00007fffadd40000 - 0x00007fffadeed000 	C:\WINDOWS\System32\USER32.dll
0x00007fff8bb90000 - 0x00007fff8be35000 	C:\WINDOWS\WinSxS\amd64_microsoft.windows.common-controls_6595b64144ccf1df_6.0.22000.120_none_9d947278b86cc467\COMCTL32.dll
0x00007fffaca60000 - 0x00007fffaca86000 	C:\WINDOWS\System32\win32u.dll
0x00007fffae2c0000 - 0x00007fffae363000 	C:\WINDOWS\System32\msvcrt.dll
0x00007fffad1e0000 - 0x00007fffad209000 	C:\WINDOWS\System32\GDI32.dll
0x00007fffad050000 - 0x00007fffad168000 	C:\WINDOWS\System32\gdi32full.dll
0x00007fffacc30000 - 0x00007fffacccd000 	C:\WINDOWS\System32\msvcp_win.dll
0x00007fffae5f0000 - 0x00007fffae622000 	C:\WINDOWS\System32\IMM32.DLL
0x00007fffa0a90000 - 0x00007fffa0b2d000 	C:\Users\Tam\Documents\ANDROI STUDIO\jre\bin\msvcp140.dll
0x00007fff22f50000 - 0x00007fff23a35000 	C:\Users\Tam\Documents\ANDROI STUDIO\jre\bin\server\jvm.dll
0x00007fffaee50000 - 0x00007fffaeefe000 	C:\WINDOWS\System32\ADVAPI32.dll
0x00007fffaef00000 - 0x00007fffaef9e000 	C:\WINDOWS\System32\sechost.dll
0x00007fffada60000 - 0x00007fffadb80000 	C:\WINDOWS\System32\RPCRT4.dll
0x00007fffada50000 - 0x00007fffada58000 	C:\WINDOWS\System32\PSAPI.DLL
0x00007fffa70c0000 - 0x00007fffa70f3000 	C:\WINDOWS\SYSTEM32\WINMM.dll
0x00007fffa8a80000 - 0x00007fffa8a89000 	C:\WINDOWS\SYSTEM32\WSOCK32.dll
0x00007fffa3e60000 - 0x00007fffa3e6a000 	C:\WINDOWS\SYSTEM32\VERSION.dll
0x00007fffaed00000 - 0x00007fffaed6f000 	C:\WINDOWS\System32\WS2_32.dll
0x00007fffab9a0000 - 0x00007fffab9b8000 	C:\WINDOWS\SYSTEM32\kernel.appcore.dll
0x00007fffa8a50000 - 0x00007fffa8a61000 	C:\Users\Tam\Documents\ANDROI STUDIO\jre\bin\verify.dll
0x00007fffaa340000 - 0x00007fffaa561000 	C:\WINDOWS\SYSTEM32\DBGHELP.DLL
0x00007fff8e9e0000 - 0x00007fff8ea11000 	C:\WINDOWS\SYSTEM32\dbgcore.DLL
0x00007fffaca90000 - 0x00007fffacb0f000 	C:\WINDOWS\System32\bcryptPrimitives.dll
0x00007fffa7970000 - 0x00007fffa7999000 	C:\Users\Tam\Documents\ANDROI STUDIO\jre\bin\java.dll
0x00007fffa0770000 - 0x00007fffa077b000 	C:\Users\Tam\Documents\ANDROI STUDIO\jre\bin\jimage.dll
0x00007fff97620000 - 0x00007fff97638000 	C:\Users\Tam\Documents\ANDROI STUDIO\jre\bin\zip.dll
0x00007fffad210000 - 0x00007fffad9c8000 	C:\WINDOWS\System32\SHELL32.dll
0x00007fffaa930000 - 0x00007fffab195000 	C:\WINDOWS\SYSTEM32\windows.storage.dll
0x00007fffaefa0000 - 0x00007fffaf318000 	C:\WINDOWS\System32\combase.dll
0x00007fffaa7c0000 - 0x00007fffaa926000 	C:\WINDOWS\SYSTEM32\wintypes.dll
0x00007fffae500000 - 0x00007fffae5ea000 	C:\WINDOWS\System32\SHCORE.dll
0x00007fffaed80000 - 0x00007fffaeddd000 	C:\WINDOWS\System32\shlwapi.dll
0x00007fffac760000 - 0x00007fffac781000 	C:\WINDOWS\SYSTEM32\profapi.dll
0x00007fff97360000 - 0x00007fff9737a000 	C:\Users\Tam\Documents\ANDROI STUDIO\jre\bin\net.dll
0x00007fffa5fa0000 - 0x00007fffa60b4000 	C:\WINDOWS\SYSTEM32\WINHTTP.dll
0x00007fffabe40000 - 0x00007fffabea7000 	C:\WINDOWS\system32\mswsock.dll
0x00007fff97250000 - 0x00007fff97264000 	C:\Users\Tam\Documents\ANDROI STUDIO\jre\bin\nio.dll
0x00007fff8c450000 - 0x00007fff8c477000 	C:\Users\Tam\.gradle\native\e1d6ef7f7dcc3fd88c89a11ec53ec762bb8ba0a96d01ffa2cd45eb1d1d8dd5c5\windows-amd64\native-platform.dll
0x00007fff9b790000 - 0x00007fff9b8d4000 	C:\Users\Tam\.gradle\native\5664cfc778a61ccfe75a443a1ab52a65af34e5dc3c78e0209fed803814484fcb\windows-amd64\native-platform-file-events.dll
0x00007fff9ffd0000 - 0x00007fff9ffda000 	C:\Users\Tam\Documents\ANDROI STUDIO\jre\bin\management.dll
0x00007fff97610000 - 0x00007fff9761d000 	C:\Users\Tam\Documents\ANDROI STUDIO\jre\bin\management_ext.dll
0x00007fffac090000 - 0x00007fffac0a8000 	C:\WINDOWS\SYSTEM32\CRYPTSP.dll
0x00007fffab900000 - 0x00007fffab935000 	C:\WINDOWS\system32\rsaenh.dll
0x00007fffabf30000 - 0x00007fffabf59000 	C:\WINDOWS\SYSTEM32\USERENV.dll
0x00007fffac210000 - 0x00007fffac237000 	C:\WINDOWS\SYSTEM32\bcrypt.dll
0x00007fffac080000 - 0x00007fffac08c000 	C:\WINDOWS\SYSTEM32\CRYPTBASE.dll
0x00007fffab4d0000 - 0x00007fffab4fd000 	C:\WINDOWS\SYSTEM32\IPHLPAPI.DLL
0x00007fffae460000 - 0x00007fffae469000 	C:\WINDOWS\System32\NSI.dll
0x00007fffa6180000 - 0x00007fffa6199000 	C:\WINDOWS\SYSTEM32\dhcpcsvc6.DLL
0x00007fffa64b0000 - 0x00007fffa64ce000 	C:\WINDOWS\SYSTEM32\dhcpcsvc.DLL
0x00007fffab500000 - 0x00007fffab5e8000 	C:\WINDOWS\SYSTEM32\DNSAPI.dll

dbghelp: loaded successfully - version: 4.0.5 - missing functions: none
symbol engine: initialized successfully - sym options: 0x614 - pdb path: .;C:\Users\Tam\Documents\ANDROI STUDIO\jre\bin;C:\WINDOWS\SYSTEM32;C:\WINDOWS\WinSxS\amd64_microsoft.windows.common-controls_6595b64144ccf1df_6.0.22000.120_none_9d947278b86cc467;C:\Users\Tam\Documents\ANDROI STUDIO\jre\bin\server;C:\Users\Tam\.gradle\native\e1d6ef7f7dcc3fd88c89a11ec53ec762bb8ba0a96d01ffa2cd45eb1d1d8dd5c5\windows-amd64;C:\Users\Tam\.gradle\native\5664cfc778a61ccfe75a443a1ab52a65af34e5dc3c78e0209fed803814484fcb\windows-amd64

VM Arguments:
jvm_args: --add-opens=java.base/java.util=ALL-UNNAMED --add-opens=java.base/java.lang=ALL-UNNAMED --add-opens=java.base/java.lang.invoke=ALL-UNNAMED --add-opens=java.base/java.util=ALL-UNNAMED --add-opens=java.prefs/java.util.prefs=ALL-UNNAMED --add-opens=java.prefs/java.util.prefs=ALL-UNNAMED --add-opens=java.base/java.nio.charset=ALL-UNNAMED --add-opens=java.base/java.net=ALL-UNNAMED --add-opens=java.base/java.util.concurrent.atomic=ALL-UNNAMED -Xmx2048m -Dfile.encoding=UTF-8 -Duser.country=US -Duser.language=en -Duser.variant 
java_command: org.gradle.launcher.daemon.bootstrap.GradleDaemon 7.3.3
java_class_path (initial): C:\Users\Tam\.gradle\wrapper\dists\gradle-7.3.3-bin\6a41zxkdtcxs8rphpq6y0069z\gradle-7.3.3\lib\gradle-launcher-7.3.3.jar
Launcher Type: SUN_STANDARD

[Global flags]
     intx CICompilerCount                          = 4                                         {product} {ergonomic}
     uint ConcGCThreads                            = 2                                         {product} {ergonomic}
     uint G1ConcRefinementThreads                  = 8                                         {product} {ergonomic}
   size_t G1HeapRegionSize                         = 1048576                                   {product} {ergonomic}
    uintx GCDrainStackTargetSize                   = 64                                        {product} {ergonomic}
   size_t InitialHeapSize                          = 132120576                                 {product} {ergonomic}
   size_t MarkStackSize                            = 4194304                                   {product} {ergonomic}
   size_t MaxHeapSize                              = 2147483648                                {product} {command line}
   size_t MaxNewSize                               = 1287651328                                {product} {ergonomic}
   size_t MinHeapDeltaBytes                        = 1048576                                   {product} {ergonomic}
    uintx NonNMethodCodeHeapSize                   = 5836300                                {pd product} {ergonomic}
    uintx NonProfiledCodeHeapSize                  = 122910970                              {pd product} {ergonomic}
    uintx ProfiledCodeHeapSize                     = 122910970                              {pd product} {ergonomic}
    uintx ReservedCodeCacheSize                    = 251658240                              {pd product} {ergonomic}
     bool SegmentedCodeCache                       = true                                      {product} {ergonomic}
     bool UseCompressedClassPointers               = true                                 {lp64_product} {ergonomic}
     bool UseCompressedOops                        = true                                 {lp64_product} {ergonomic}
     bool UseG1GC                                  = true                                      {product} {ergonomic}
     bool UseLargePagesIndividualAllocation        = false                                  {pd product} {ergonomic}

Logging:
Log output configuration:
 #0: stdout all=warning uptime,level,tags
 #1: stderr all=off uptime,level,tags

Environment Variables:
PATH=C:\Program Files (x86)\VMware\VMware Workstation\bin\;C:\WINDOWS\system32;C:\WINDOWS;C:\WINDOWS\System32\Wbem;C:\WINDOWS\System32\WindowsPowerShell\v1.0\;C:\WINDOWS\System32\OpenSSH\;C:\Program Files (x86)\Intel\Intel(R) Management Engine Components\DAL;C:\Program Files\Intel\Intel(R) Management Engine Components\DAL;C:\Program Files\Git\cmd;C:\Program Files\Microsoft SQL Server\150\Tools\Binn\;C:\Program Files\dotnet\;C:\Program Files\Microsoft SQL Server\130\Tools\Binn\;C:\Program Files\Microsoft SQL Server\Client SDK\ODBC\170\Tools\Binn\;C:\Program Files (x86)\Microsoft SQL Server\150\Tools\Binn\;C:\Program Files (x86)\Microsoft SQL Server\150\DTS\Binn\;C:\Program Files\Microsoft SQL Server\150\DTS\Binn\;C:\Users\Tam\AppData\Local\Microsoft\WindowsApps;C:\Users\Tam\.dotnet\tools
USERNAME=Tam
OS=Windows_NT
PROCESSOR_IDENTIFIER=Intel64 Family 6 Model 142 Stepping 12, GenuineIntel



---------------  S Y S T E M  ---------------

OS: Windows 10 , 64 bit Build 22000 (10.0.22000.1219)
OS uptime: 0 days 1:34 hours

CPU:total 8 (initial active 8) (4 cores per cpu, 2 threads per core) family 6 model 142 stepping 12 microcode 0xf0, cmov, cx8, fxsr, mmx, sse, sse2, sse3, ssse3, sse4.1, sse4.2, popcnt, avx, avx2, aes, clmul, erms, 3dnowpref, lzcnt, ht, tsc, tscinvbit, bmi1, bmi2, adx, fma

Memory: 4k page, system-wide physical 8040M (1099M free)
TotalPageFile size 8967M (AvailPageFile size 5M)
current process WorkingSet (physical memory assigned to process): 650M, peak: 653M
current process commit charge ("private bytes"): 703M, peak: 706M

vm_info: OpenJDK 64-Bit Server VM (11.0.12+7-b1504.28-7817840) for windows-amd64 JRE (11.0.12+7-b1504.28-7817840), built on Oct 13 2021 22:12:33 by "builder" with MS VC++ 14.0 (VS2015)

END.
